{"level":40,"time":"2025-08-07T16:19:34.392Z","msg":"[setupI18nMain] intl.onWarn [@formatjs/intl] \"defaultRichTextElements\" was specified but \"message\" was not pre-compiled. \nPlease consider using \"@formatjs/cli\" to pre-compile your messages for performance.\nFor more details see https://formatjs.github.io/docs/getting-started/message-distribution"}
{"level":30,"time":"2025-08-07T16:19:34.417Z","msg":"[preconnect] libsignal net url: https://chat.signal.org"}
{"level":30,"time":"2025-08-07T16:19:34.418Z","msg":"[preconnect] libsignal net environment resolved to prod"}
{"level":30,"time":"2025-08-07T16:19:34.418Z","msg":"[preconnect] WebAPI: preconnect start"}
{"level":30,"time":"2025-08-07T16:19:34.765Z","msg":"[profiles] Profile Service initialized"}
{"level":30,"time":"2025-08-07T16:19:34.973Z","msg":"[preload] complete"}
{"level":30,"time":"2025-08-07T16:19:34.976Z","msg":"[@signalapp/libsignal-client] Initializing libsignal version:0.76.7 signal_node::logging rust/bridge/node/src/logging.rs:204"}
{"level":30,"time":"2025-08-07T16:19:35.033Z","msg":"[notifications] NotificationService initialized"}
{"level":30,"time":"2025-08-07T16:19:35.061Z","msg":"[incrementMessageCounter] initializeMessageCounter: picking stored counter"}
{"level":30,"time":"2025-08-07T16:19:35.061Z","msg":"[ourProfileKey] Our profile key service: initializing"}
{"level":30,"time":"2025-08-07T16:19:35.062Z","msg":"[background] page reloaded"}
{"level":30,"time":"2025-08-07T16:19:35.062Z","msg":"[background] environment: production"}
{"level":30,"time":"2025-08-07T16:19:35.070Z","msg":"[background] Storage fetch"}
{"level":30,"time":"2025-08-07T16:19:35.078Z","msg":"[buildExpiration] Build expires (local): 2025-11-04T21:48:18.000Z"}
{"level":40,"time":"2025-08-07T16:19:35.080Z","msg":"[SocketManager] authenticate was called without credentials"}
{"level":30,"time":"2025-08-07T16:19:35.081Z","msg":"[background] Initializing MessageReceiver"}
{"level":30,"time":"2025-08-07T16:19:35.082Z","msg":"[senderCertificate] Sender certificate service initialized"}
{"level":30,"time":"2025-08-07T16:19:35.084Z","msg":"[buildExpiration] Build expires (local): 2025-11-04T21:48:18.000Z"}
{"level":30,"time":"2025-08-07T16:19:35.084Z","msg":"[buildExpiration] expires in 7709322916ms"}
{"level":30,"time":"2025-08-07T16:19:35.095Z","msg":"[background] New version detected: 7.64.0; previous: 7.63.0"}
{"level":30,"time":"2025-08-07T16:19:35.111Z","msg":"[background] Starting background data migration. Target version: 15"}
{"level":30,"time":"2025-08-07T16:19:35.112Z","msg":"[retryPlaceholders] constructor: Started with 0 items, lifespan of 3600000"}
{"level":30,"time":"2025-08-07T16:19:35.112Z","msg":"[ConversationController] starting initial fetch"}
{"level":30,"time":"2025-08-07T16:19:35.118Z","msg":"[ConversationController] done with initial fetch, got 1 conversations"}
{"level":30,"time":"2025-08-07T16:19:35.121Z","msg":"[SignalProtocolStore] Finished caching kyberPreKeys data"}
{"level":30,"time":"2025-08-07T16:19:35.122Z","msg":"[SignalProtocolStore] Finished caching sessions data"}
{"level":30,"time":"2025-08-07T16:19:35.122Z","msg":"[SignalProtocolStore] Finished caching signedPreKeys data"}
{"level":30,"time":"2025-08-07T16:19:35.122Z","msg":"[SignalProtocolStore] Finished caching identityKeys data"}
{"level":30,"time":"2025-08-07T16:19:35.123Z","msg":"[SignalProtocolStore] Finished caching senderKeys data"}
{"level":30,"time":"2025-08-07T16:19:35.123Z","msg":"[SignalProtocolStore] Finished caching preKeys data"}
{"level":30,"time":"2025-08-07T16:19:35.127Z","msg":"[ConversationController] checkForConflicts: starting..."}
{"level":30,"time":"2025-08-07T16:19:35.128Z","msg":"[ConversationController] checkForConflicts: complete!"}
{"level":30,"time":"2025-08-07T16:19:35.128Z","msg":"[donations] _getWorkflowFromStorage: No workflow found in window.storage"}
{"level":30,"time":"2025-08-07T16:19:35.129Z","msg":"[Storage] getItemsState: now preparing copy of items..."}
{"level":30,"time":"2025-08-07T16:19:35.135Z","msg":"[JobQueue] conversation job queue: starting to stream jobs"}
{"level":30,"time":"2025-08-07T16:19:35.135Z","msg":"[JobQueueDatabaseStore] fetching existing jobs for queue \"conversation\""}
{"level":30,"time":"2025-08-07T16:19:35.135Z","msg":"[JobQueue] groupAvatar job queue: starting to stream jobs"}
{"level":30,"time":"2025-08-07T16:19:35.135Z","msg":"[JobQueueDatabaseStore] fetching existing jobs for queue \"groupAvatar\""}
{"level":30,"time":"2025-08-07T16:19:35.136Z","msg":"[JobQueue] single proto job queue: starting to stream jobs"}
{"level":30,"time":"2025-08-07T16:19:35.136Z","msg":"[JobQueueDatabaseStore] fetching existing jobs for queue \"single proto\""}
{"level":30,"time":"2025-08-07T16:19:35.136Z","msg":"[JobQueue] read sync job queue: starting to stream jobs"}
{"level":30,"time":"2025-08-07T16:19:35.136Z","msg":"[JobQueueDatabaseStore] fetching existing jobs for queue \"read sync\""}
{"level":30,"time":"2025-08-07T16:19:35.136Z","msg":"[JobQueue] view sync job queue: starting to stream jobs"}
{"level":30,"time":"2025-08-07T16:19:35.136Z","msg":"[JobQueueDatabaseStore] fetching existing jobs for queue \"view sync\""}
{"level":30,"time":"2025-08-07T16:19:35.136Z","msg":"[JobQueue] view once open sync job queue: starting to stream jobs"}
{"level":30,"time":"2025-08-07T16:19:35.136Z","msg":"[JobQueueDatabaseStore] fetching existing jobs for queue \"view once open sync\""}
{"level":30,"time":"2025-08-07T16:19:35.137Z","msg":"[JobQueue] delete downloads job queue: starting to stream jobs"}
{"level":30,"time":"2025-08-07T16:19:35.137Z","msg":"[JobQueueDatabaseStore] fetching existing jobs for queue \"delete downloads\""}
{"level":30,"time":"2025-08-07T16:19:35.137Z","msg":"[JobQueue] remove storage key job queue: starting to stream jobs"}
{"level":30,"time":"2025-08-07T16:19:35.137Z","msg":"[JobQueueDatabaseStore] fetching existing jobs for queue \"remove storage key\""}
{"level":30,"time":"2025-08-07T16:19:35.137Z","msg":"[JobQueue] report spam job queue: starting to stream jobs"}
{"level":30,"time":"2025-08-07T16:19:35.137Z","msg":"[JobQueueDatabaseStore] fetching existing jobs for queue \"report spam\""}
{"level":30,"time":"2025-08-07T16:19:35.137Z","msg":"[JobQueue] call link refresh job queue: starting to stream jobs"}
{"level":30,"time":"2025-08-07T16:19:35.137Z","msg":"[JobQueueDatabaseStore] fetching existing jobs for queue \"call link refresh\""}
{"level":30,"time":"2025-08-07T16:19:35.138Z","msg":"[challenge] loading 0 challenges"}
{"level":30,"time":"2025-08-07T16:19:35.138Z","msg":"[networkObserver] Initializing network observer"}
{"level":30,"time":"2025-08-07T16:19:35.139Z","msg":"[ConversationController] unset avatars for 0 unaccepted conversations"}
{"level":30,"time":"2025-08-07T16:19:35.140Z","msg":"[badgeImageFileDownloader] BadgeDownloader#checkForFilesToDownload: downloading 0 badge(s)"}
{"level":30,"time":"2025-08-07T16:19:35.140Z","msg":"[background] Blocked uuids cleanup: starting..."}
{"level":30,"time":"2025-08-07T16:19:35.140Z","msg":"[background] Blocked uuids cleanup: complete"}
{"level":30,"time":"2025-08-07T16:19:35.140Z","msg":"[background] Expiration start timestamp cleanup: starting..."}
{"level":30,"time":"2025-08-07T16:19:35.141Z","msg":"[JobQueueDatabaseStore] finished fetching existing 0 jobs for queue \"conversation\""}
{"level":30,"time":"2025-08-07T16:19:35.142Z","msg":"[JobQueueDatabaseStore] finished fetching existing 0 jobs for queue \"single proto\""}
{"level":30,"time":"2025-08-07T16:19:35.142Z","msg":"[JobQueueDatabaseStore] finished fetching existing 0 jobs for queue \"groupAvatar\""}
{"level":30,"time":"2025-08-07T16:19:35.142Z","msg":"[JobQueueDatabaseStore] finished fetching existing 0 jobs for queue \"view sync\""}
{"level":30,"time":"2025-08-07T16:19:35.142Z","msg":"[JobQueueDatabaseStore] finished fetching existing 0 jobs for queue \"read sync\""}
{"level":30,"time":"2025-08-07T16:19:35.142Z","msg":"[JobQueueDatabaseStore] finished fetching existing 0 jobs for queue \"view once open sync\""}
{"level":30,"time":"2025-08-07T16:19:35.142Z","msg":"[JobQueueDatabaseStore] finished fetching existing 0 jobs for queue \"remove storage key\""}
{"level":30,"time":"2025-08-07T16:19:35.142Z","msg":"[JobQueueDatabaseStore] finished fetching existing 0 jobs for queue \"delete downloads\""}
{"level":30,"time":"2025-08-07T16:19:35.143Z","msg":"[JobQueueDatabaseStore] finished fetching existing 0 jobs for queue \"report spam\""}
{"level":30,"time":"2025-08-07T16:19:35.143Z","msg":"[JobQueueDatabaseStore] finished fetching existing 0 jobs for queue \"call link refresh\""}
{"level":30,"time":"2025-08-07T16:19:35.143Z","msg":"[CallLinkFinalizeDeleteManager] CallLinkDeleteJobType/enqueueAllDeletedCallLinks: Found 0 call links to delete"}
{"level":30,"time":"2025-08-07T16:19:35.143Z","msg":"[JobManager] CallLinkFinalizeDeleteManager: starting"}
{"level":30,"time":"2025-08-07T16:19:35.144Z","msg":"[background] Expiration start timestamp cleanup: Found 0 messages for cleanup"}
{"level":30,"time":"2025-08-07T16:19:35.144Z","msg":"[background] Expiration start timestamp cleanup: Cancelling update; we don't have our own UUID"}
{"level":30,"time":"2025-08-07T16:19:35.144Z","msg":"[background] Expiration start timestamp cleanup: complete"}
{"level":30,"time":"2025-08-07T16:19:35.144Z","msg":"[syncTasks] Fetching tasks"}
{"level":30,"time":"2025-08-07T16:19:35.146Z","msg":"[syncTasks] Startup/syncTasks: No sync tasks to process, stopping"}
{"level":30,"time":"2025-08-07T16:19:35.162Z","msg":"[Provisioner] starting"}
{"level":30,"time":"2025-08-07T16:19:35.177Z","msg":"[@signalapp/libsignal-client] [preconnect] connection succeeded after 728.786ms libsignal_net::connect_state rust/net/src/connect_state.rs:567"}
{"level":30,"time":"2025-08-07T16:19:35.177Z","msg":"[preconnect] WebAPI: preconnect done"}
{"level":30,"time":"2025-08-07T16:19:35.185Z","msg":"[expiration] Build expires (local): 2025-11-04T21:48:18.000Z"}
{"level":30,"time":"2025-08-07T16:19:35.658Z","msg":"[createHTTPSAgent] createHTTPSAgent.createConnection(chat.signal.org): connected to IPv4 addr after 411ms (attempts v4=1 v6=0)"}
{"level":30,"time":"2025-08-07T16:19:35.871Z","msg":"[SocketManager] WebSocketResource(provisioning) connected in 708.3ms"}
{"level":30,"time":"2025-08-07T16:19:35.927Z","msg":"[Provisioner] Provisioner.loop(0): connected, refreshing in 45000ms"}
{"level":30,"time":"2025-08-07T16:19:36.149Z","msg":"[expiringMessagesDeletion] checkExpiringMessages: checking for expiring messages"}
{"level":30,"time":"2025-08-07T16:19:36.155Z","msg":"[expiringMessagesDeletion] checkExpiringMessages: found no messages to expire"}
{"level":30,"time":"2025-08-07T16:19:47.018Z","msg":"[notifications] NotificationService: clearing notification and requesting an update"}
{"level":30,"time":"2025-08-07T16:19:47.022Z","msg":"[WebAPI] GET (WS) https://chat.signal.org/v1/config"}
{"level":30,"time":"2025-08-07T16:19:47.023Z","msg":"[SocketManager] connecting unauthenticated socket"}
{"level":30,"time":"2025-08-07T16:19:47.024Z","msg":"[SocketManager] connecting unauthenticated socket, transport option [original]"}
{"level":30,"time":"2025-08-07T16:19:47.440Z","msg":"[createHTTPSAgent] createHTTPSAgent.createConnection(chat.signal.org): connected to IPv4 addr after 413ms (attempts v4=1 v6=0)"}
{"level":30,"time":"2025-08-07T16:19:47.638Z","msg":"[SocketManager] WebSocketResource(unauthenticated) connected in 613.6ms"}
{"level":30,"time":"2025-08-07T16:19:47.638Z","msg":"[SocketManager] connected unauthenticated socket (localPort: 42750)"}
{"level":30,"time":"2025-08-07T16:19:47.639Z","msg":"[SocketManager] starting expiration timer for unauthenticated socket"}
{"level":40,"time":"2025-08-07T16:19:47.848Z","msg":"[WebAPI] Got 401 from Signal Server. We might be unlinked."}
{"level":40,"time":"2025-08-07T16:19:47.849Z","msg":"[WebAPI] GET (WS) https://chat.signal.org/v1/config 401 Error"}
{"level":40,"time":"2025-08-07T16:19:47.851Z","msg":"[background] registerForActive: Failed to to refresh remote config. Code: 401"}
{"level":30,"time":"2025-08-07T16:19:48.021Z","msg":"[notifications] NotificationService not updating notifications. Notifications are disabled; app is focused; there is no notification data"}
{"level":30,"time":"2025-08-07T16:20:05.878Z","msg":"[WebsocketResources] WebSocketResources.KeepAlive(provisioning).send: Sending a keepalive message"}
{"level":30,"time":"2025-08-07T16:20:17.858Z","msg":"[WebsocketResources] WebSocketResources.KeepAlive(unauthenticated).send: Sending a keepalive message"}
{"level":30,"time":"2025-08-07T16:20:21.337Z","msg":"[createHTTPSAgent] createHTTPSAgent.createConnection(chat.signal.org): connected to IPv4 addr after 403ms (attempts v4=1 v6=0)"}
{"level":30,"time":"2025-08-07T16:20:21.539Z","msg":"[SocketManager] WebSocketResource(provisioning) connected in 611.2ms"}
{"level":30,"time":"2025-08-07T16:20:21.589Z","msg":"[Provisioner] Provisioner.loop(1): connected, refreshing in 45000ms"}
{"level":40,"time":"2025-08-07T16:22:08.123Z","msg":"[setupI18nMain] intl.onWarn [@formatjs/intl] \"defaultRichTextElements\" was specified but \"message\" was not pre-compiled. \nPlease consider using \"@formatjs/cli\" to pre-compile your messages for performance.\nFor more details see https://formatjs.github.io/docs/getting-started/message-distribution"}
{"level":30,"time":"2025-08-07T16:22:08.149Z","msg":"[preconnect] libsignal net url: https://chat.signal.org"}
{"level":30,"time":"2025-08-07T16:22:08.149Z","msg":"[preconnect] libsignal net environment resolved to prod"}
{"level":30,"time":"2025-08-07T16:22:08.150Z","msg":"[preconnect] WebAPI: preconnect start"}
{"level":30,"time":"2025-08-07T16:22:08.475Z","msg":"[profiles] Profile Service initialized"}
{"level":30,"time":"2025-08-07T16:22:08.680Z","msg":"[preload] complete"}
{"level":30,"time":"2025-08-07T16:22:08.681Z","msg":"[@signalapp/libsignal-client] Initializing libsignal version:0.76.7 signal_node::logging rust/bridge/node/src/logging.rs:204"}
{"level":30,"time":"2025-08-07T16:22:08.737Z","msg":"[notifications] NotificationService initialized"}
{"level":30,"time":"2025-08-07T16:22:08.760Z","msg":"[incrementMessageCounter] initializeMessageCounter: picking stored counter"}
{"level":30,"time":"2025-08-07T16:22:08.761Z","msg":"[ourProfileKey] Our profile key service: initializing"}
{"level":30,"time":"2025-08-07T16:22:08.762Z","msg":"[background] page reloaded"}
{"level":30,"time":"2025-08-07T16:22:08.762Z","msg":"[background] environment: production"}
{"level":30,"time":"2025-08-07T16:22:08.770Z","msg":"[background] Storage fetch"}
{"level":30,"time":"2025-08-07T16:22:08.781Z","msg":"[buildExpiration] Build expires (local): 2025-11-04T21:48:18.000Z"}
{"level":40,"time":"2025-08-07T16:22:08.783Z","msg":"[SocketManager] authenticate was called without credentials"}
{"level":30,"time":"2025-08-07T16:22:08.785Z","msg":"[background] Initializing MessageReceiver"}
{"level":30,"time":"2025-08-07T16:22:08.786Z","msg":"[senderCertificate] Sender certificate service initialized"}
{"level":30,"time":"2025-08-07T16:22:08.789Z","msg":"[buildExpiration] Build expires (local): 2025-11-04T21:48:18.000Z"}
{"level":30,"time":"2025-08-07T16:22:08.789Z","msg":"[buildExpiration] expires in 7709169211ms"}
{"level":30,"time":"2025-08-07T16:22:08.806Z","msg":"[background] Starting background data migration. Target version: 15"}
{"level":30,"time":"2025-08-07T16:22:08.807Z","msg":"[retryPlaceholders] constructor: Started with 0 items, lifespan of 3600000"}
{"level":30,"time":"2025-08-07T16:22:08.807Z","msg":"[ConversationController] starting initial fetch"}
{"level":30,"time":"2025-08-07T16:22:08.815Z","msg":"[ConversationController] done with initial fetch, got 1 conversations"}
{"level":30,"time":"2025-08-07T16:22:08.820Z","msg":"[@signalapp/libsignal-client] [preconnect] connection succeeded after 662.596ms libsignal_net::connect_state rust/net/src/connect_state.rs:567"}
{"level":30,"time":"2025-08-07T16:22:08.820Z","msg":"[preconnect] WebAPI: preconnect done"}
{"level":30,"time":"2025-08-07T16:22:08.821Z","msg":"[SignalProtocolStore] Finished caching kyberPreKeys data"}
{"level":30,"time":"2025-08-07T16:22:08.821Z","msg":"[SignalProtocolStore] Finished caching identityKeys data"}
{"level":30,"time":"2025-08-07T16:22:08.821Z","msg":"[SignalProtocolStore] Finished caching sessions data"}
{"level":30,"time":"2025-08-07T16:22:08.822Z","msg":"[SignalProtocolStore] Finished caching signedPreKeys data"}
{"level":30,"time":"2025-08-07T16:22:08.822Z","msg":"[SignalProtocolStore] Finished caching preKeys data"}
{"level":30,"time":"2025-08-07T16:22:08.822Z","msg":"[SignalProtocolStore] Finished caching senderKeys data"}
{"level":30,"time":"2025-08-07T16:22:08.827Z","msg":"[ConversationController] checkForConflicts: starting..."}
{"level":30,"time":"2025-08-07T16:22:08.827Z","msg":"[ConversationController] checkForConflicts: complete!"}
{"level":30,"time":"2025-08-07T16:22:08.827Z","msg":"[donations] _getWorkflowFromStorage: No workflow found in window.storage"}
{"level":30,"time":"2025-08-07T16:22:08.828Z","msg":"[Storage] getItemsState: now preparing copy of items..."}
{"level":30,"time":"2025-08-07T16:22:08.835Z","msg":"[JobQueue] conversation job queue: starting to stream jobs"}
{"level":30,"time":"2025-08-07T16:22:08.835Z","msg":"[JobQueueDatabaseStore] fetching existing jobs for queue \"conversation\""}
{"level":30,"time":"2025-08-07T16:22:08.835Z","msg":"[JobQueue] groupAvatar job queue: starting to stream jobs"}
{"level":30,"time":"2025-08-07T16:22:08.835Z","msg":"[JobQueueDatabaseStore] fetching existing jobs for queue \"groupAvatar\""}
{"level":30,"time":"2025-08-07T16:22:08.835Z","msg":"[JobQueue] single proto job queue: starting to stream jobs"}
{"level":30,"time":"2025-08-07T16:22:08.835Z","msg":"[JobQueueDatabaseStore] fetching existing jobs for queue \"single proto\""}
{"level":30,"time":"2025-08-07T16:22:08.836Z","msg":"[JobQueue] read sync job queue: starting to stream jobs"}
{"level":30,"time":"2025-08-07T16:22:08.836Z","msg":"[JobQueueDatabaseStore] fetching existing jobs for queue \"read sync\""}
{"level":30,"time":"2025-08-07T16:22:08.836Z","msg":"[JobQueue] view sync job queue: starting to stream jobs"}
{"level":30,"time":"2025-08-07T16:22:08.836Z","msg":"[JobQueueDatabaseStore] fetching existing jobs for queue \"view sync\""}
{"level":30,"time":"2025-08-07T16:22:08.836Z","msg":"[JobQueue] view once open sync job queue: starting to stream jobs"}
{"level":30,"time":"2025-08-07T16:22:08.836Z","msg":"[JobQueueDatabaseStore] fetching existing jobs for queue \"view once open sync\""}
{"level":30,"time":"2025-08-07T16:22:08.836Z","msg":"[JobQueue] delete downloads job queue: starting to stream jobs"}
{"level":30,"time":"2025-08-07T16:22:08.836Z","msg":"[JobQueueDatabaseStore] fetching existing jobs for queue \"delete downloads\""}
{"level":30,"time":"2025-08-07T16:22:08.836Z","msg":"[JobQueue] remove storage key job queue: starting to stream jobs"}
{"level":30,"time":"2025-08-07T16:22:08.837Z","msg":"[JobQueueDatabaseStore] fetching existing jobs for queue \"remove storage key\""}
{"level":30,"time":"2025-08-07T16:22:08.837Z","msg":"[JobQueue] report spam job queue: starting to stream jobs"}
{"level":30,"time":"2025-08-07T16:22:08.837Z","msg":"[JobQueueDatabaseStore] fetching existing jobs for queue \"report spam\""}
{"level":30,"time":"2025-08-07T16:22:08.837Z","msg":"[JobQueue] call link refresh job queue: starting to stream jobs"}
{"level":30,"time":"2025-08-07T16:22:08.837Z","msg":"[JobQueueDatabaseStore] fetching existing jobs for queue \"call link refresh\""}
{"level":30,"time":"2025-08-07T16:22:08.838Z","msg":"[challenge] loading 0 challenges"}
{"level":30,"time":"2025-08-07T16:22:08.838Z","msg":"[networkObserver] Initializing network observer"}
{"level":30,"time":"2025-08-07T16:22:08.839Z","msg":"[badgeImageFileDownloader] BadgeDownloader#checkForFilesToDownload: downloading 0 badge(s)"}
{"level":30,"time":"2025-08-07T16:22:08.840Z","msg":"[background] Blocked uuids cleanup: starting..."}
{"level":30,"time":"2025-08-07T16:22:08.840Z","msg":"[background] Blocked uuids cleanup: complete"}
{"level":30,"time":"2025-08-07T16:22:08.840Z","msg":"[background] Expiration start timestamp cleanup: starting..."}
{"level":30,"time":"2025-08-07T16:22:08.840Z","msg":"[JobQueueDatabaseStore] finished fetching existing 0 jobs for queue \"groupAvatar\""}
{"level":30,"time":"2025-08-07T16:22:08.840Z","msg":"[JobQueueDatabaseStore] finished fetching existing 0 jobs for queue \"conversation\""}
{"level":30,"time":"2025-08-07T16:22:08.840Z","msg":"[JobQueueDatabaseStore] finished fetching existing 0 jobs for queue \"read sync\""}
{"level":30,"time":"2025-08-07T16:22:08.840Z","msg":"[JobQueueDatabaseStore] finished fetching existing 0 jobs for queue \"single proto\""}
{"level":30,"time":"2025-08-07T16:22:08.840Z","msg":"[JobQueueDatabaseStore] finished fetching existing 0 jobs for queue \"view sync\""}
{"level":30,"time":"2025-08-07T16:22:08.840Z","msg":"[JobQueueDatabaseStore] finished fetching existing 0 jobs for queue \"delete downloads\""}
{"level":30,"time":"2025-08-07T16:22:08.840Z","msg":"[JobQueueDatabaseStore] finished fetching existing 0 jobs for queue \"view once open sync\""}
{"level":30,"time":"2025-08-07T16:22:08.841Z","msg":"[JobQueueDatabaseStore] finished fetching existing 0 jobs for queue \"remove storage key\""}
{"level":30,"time":"2025-08-07T16:22:08.841Z","msg":"[JobQueueDatabaseStore] finished fetching existing 0 jobs for queue \"report spam\""}
{"level":30,"time":"2025-08-07T16:22:08.841Z","msg":"[JobQueueDatabaseStore] finished fetching existing 0 jobs for queue \"call link refresh\""}
{"level":30,"time":"2025-08-07T16:22:08.841Z","msg":"[CallLinkFinalizeDeleteManager] CallLinkDeleteJobType/enqueueAllDeletedCallLinks: Found 0 call links to delete"}
{"level":30,"time":"2025-08-07T16:22:08.841Z","msg":"[JobManager] CallLinkFinalizeDeleteManager: starting"}
{"level":30,"time":"2025-08-07T16:22:08.842Z","msg":"[background] Expiration start timestamp cleanup: Found 0 messages for cleanup"}
{"level":30,"time":"2025-08-07T16:22:08.842Z","msg":"[background] Expiration start timestamp cleanup: Cancelling update; we don't have our own UUID"}
{"level":30,"time":"2025-08-07T16:22:08.842Z","msg":"[background] Expiration start timestamp cleanup: complete"}
{"level":30,"time":"2025-08-07T16:22:08.842Z","msg":"[syncTasks] Fetching tasks"}
{"level":30,"time":"2025-08-07T16:22:08.844Z","msg":"[syncTasks] Startup/syncTasks: No sync tasks to process, stopping"}
{"level":30,"time":"2025-08-07T16:22:08.859Z","msg":"[Provisioner] starting"}
{"level":30,"time":"2025-08-07T16:22:08.881Z","msg":"[expiration] Build expires (local): 2025-11-04T21:48:18.000Z"}
{"level":30,"time":"2025-08-07T16:22:09.268Z","msg":"[createHTTPSAgent] createHTTPSAgent.createConnection(chat.signal.org): connected to IPv4 addr after 330ms (attempts v4=1 v6=0)"}
{"level":30,"time":"2025-08-07T16:22:09.459Z","msg":"[SocketManager] WebSocketResource(provisioning) connected in 598.7ms"}
{"level":30,"time":"2025-08-07T16:22:09.506Z","msg":"[Provisioner] Provisioner.loop(0): connected, refreshing in 45000ms"}
{"level":30,"time":"2025-08-07T16:22:09.848Z","msg":"[expiringMessagesDeletion] checkExpiringMessages: checking for expiring messages"}
{"level":30,"time":"2025-08-07T16:22:09.853Z","msg":"[expiringMessagesDeletion] checkExpiringMessages: found no messages to expire"}
{"level":30,"time":"2025-08-07T16:22:39.464Z","msg":"[WebsocketResources] WebSocketResources.KeepAlive(provisioning).send: Sending a keepalive message"}
{"level":30,"time":"2025-08-07T16:22:54.821Z","msg":"[createHTTPSAgent] createHTTPSAgent.createConnection(chat.signal.org): connected to IPv4 addr after 309ms (attempts v4=1 v6=0)"}
{"level":30,"time":"2025-08-07T16:22:55.025Z","msg":"[SocketManager] WebSocketResource(provisioning) connected in 517.5ms"}
{"level":30,"time":"2025-08-07T16:22:55.089Z","msg":"[Provisioner] Provisioner.loop(1): connected, refreshing in 45000ms"}
{"level":30,"time":"2025-08-07T16:22:57.376Z","msg":"[notifications] NotificationService: clearing notification and requesting an update"}
{"level":30,"time":"2025-08-07T16:22:57.382Z","msg":"[WebAPI] GET (WS) https://chat.signal.org/v1/config"}
{"level":30,"time":"2025-08-07T16:22:57.384Z","msg":"[SocketManager] connecting unauthenticated socket"}
{"level":30,"time":"2025-08-07T16:22:57.384Z","msg":"[SocketManager] connecting unauthenticated socket, transport option [original]"}
{"level":30,"time":"2025-08-07T16:22:57.792Z","msg":"[createHTTPSAgent] createHTTPSAgent.createConnection(chat.signal.org): connected to IPv4 addr after 403ms (attempts v4=1 v6=0)"}
{"level":30,"time":"2025-08-07T16:22:57.993Z","msg":"[SocketManager] WebSocketResource(unauthenticated) connected in 608.2ms"}
{"level":30,"time":"2025-08-07T16:22:57.994Z","msg":"[SocketManager] connected unauthenticated socket (localPort: 55826)"}
{"level":30,"time":"2025-08-07T16:22:57.995Z","msg":"[SocketManager] starting expiration timer for unauthenticated socket"}
{"level":40,"time":"2025-08-07T16:22:58.199Z","msg":"[WebAPI] Got 401 from Signal Server. We might be unlinked."}
{"level":40,"time":"2025-08-07T16:22:58.200Z","msg":"[WebAPI] GET (WS) https://chat.signal.org/v1/config 401 Error"}
{"level":40,"time":"2025-08-07T16:22:58.202Z","msg":"[background] registerForActive: Failed to to refresh remote config. Code: 401"}
{"level":30,"time":"2025-08-07T16:22:58.378Z","msg":"[notifications] NotificationService not updating notifications. Notifications are disabled; app is not focused; there is no notification data"}
{"level":30,"time":"2025-08-07T16:23:09.674Z","msg":"[WebsocketResources] WebSocketResources.KeepAlive(provisioning).send: Sending a keepalive message"}
{"level":30,"time":"2025-08-07T16:23:25.040Z","msg":"[WebsocketResources] WebSocketResources.KeepAlive(provisioning).send: Sending a keepalive message"}
{"level":30,"time":"2025-08-07T16:23:28.201Z","msg":"[WebsocketResources] WebSocketResources.KeepAlive(unauthenticated).send: Sending a keepalive message"}
{"level":40,"time":"2025-08-07T16:23:39.475Z","msg":"[WebsocketResources] WebSocketResource(provisioning): Socket closed"}
{"level":30,"time":"2025-08-07T16:23:39.477Z","msg":"[Provisioner] Provisioner.#handleClose(0): closed, code=1000, reason=Timeout"}
{"level":30,"time":"2025-08-07T16:23:40.490Z","msg":"[createHTTPSAgent] createHTTPSAgent.createConnection(chat.signal.org): connected to IPv4 addr after 377ms (attempts v4=1 v6=0)"}
{"level":30,"time":"2025-08-07T16:23:40.693Z","msg":"[SocketManager] WebSocketResource(provisioning) connected in 603.1ms"}
{"level":30,"time":"2025-08-07T16:23:40.748Z","msg":"[Provisioner] Provisioner.loop(2): connected, refreshing in 45000ms"}
{"level":30,"time":"2025-08-07T16:23:55.237Z","msg":"[WebsocketResources] WebSocketResources.KeepAlive(provisioning).send: Sending a keepalive message"}
{"level":30,"time":"2025-08-07T16:23:58.409Z","msg":"[WebsocketResources] WebSocketResources.KeepAlive(unauthenticated).send: Sending a keepalive message"}
{"level":30,"time":"2025-08-07T16:24:10.706Z","msg":"[WebsocketResources] WebSocketResources.KeepAlive(provisioning).send: Sending a keepalive message"}
{"level":40,"time":"2025-08-07T16:24:25.034Z","msg":"[WebsocketResources] WebSocketResource(provisioning): Socket closed"}
{"level":30,"time":"2025-08-07T16:24:25.034Z","msg":"[Provisioner] Provisioner.#handleClose(0): closed, code=1000, reason=Timeout"}
{"level":30,"time":"2025-08-07T16:24:26.218Z","msg":"[createHTTPSAgent] createHTTPSAgent.createConnection(chat.signal.org): connected to IPv4 addr after 450ms (attempts v4=1 v6=0)"}
{"level":30,"time":"2025-08-07T16:24:26.469Z","msg":"[SocketManager] WebSocketResource(provisioning) connected in 719.6ms"}
{"level":30,"time":"2025-08-07T16:24:26.510Z","msg":"[Provisioner] Provisioner.loop(3): connected, refreshing in 45000ms"}
{"level":30,"time":"2025-08-07T16:24:28.615Z","msg":"[WebsocketResources] WebSocketResources.KeepAlive(unauthenticated).send: Sending a keepalive message"}
{"level":30,"time":"2025-08-07T16:24:40.914Z","msg":"[WebsocketResources] WebSocketResources.KeepAlive(provisioning).send: Sending a keepalive message"}
{"level":30,"time":"2025-08-07T16:24:56.486Z","msg":"[WebsocketResources] WebSocketResources.KeepAlive(provisioning).send: Sending a keepalive message"}
{"level":30,"time":"2025-08-07T16:24:58.823Z","msg":"[WebsocketResources] WebSocketResources.KeepAlive(unauthenticated).send: Sending a keepalive message"}
{"level":30,"time":"2025-08-07T16:24:59.879Z","msg":"[notifications] NotificationService: clearing notification and requesting an update"}
{"level":40,"time":"2025-08-07T16:24:59.880Z","msg":"[background] registerForActive: Failed to to refresh remote config. Code: 401"}
{"level":30,"time":"2025-08-07T16:25:00.880Z","msg":"[notifications] NotificationService not updating notifications. Notifications are disabled; app is not focused; there is no notification data"}
{"level":30,"time":"2025-08-07T16:25:05.993Z","msg":"[notifications] NotificationService: clearing notification and requesting an update"}
{"level":40,"time":"2025-08-07T16:25:05.994Z","msg":"[background] registerForActive: Failed to to refresh remote config. Code: 401"}
{"level":30,"time":"2025-08-07T16:25:06.994Z","msg":"[notifications] NotificationService not updating notifications. Notifications are disabled; app is not focused; there is no notification data"}
{"level":40,"time":"2025-08-07T16:25:10.704Z","msg":"[WebsocketResources] WebSocketResource(provisioning): Socket closed"}
{"level":30,"time":"2025-08-07T16:25:10.704Z","msg":"[Provisioner] Provisioner.#handleClose(0): closed, code=1000, reason=Timeout"}
{"level":30,"time":"2025-08-07T16:25:11.864Z","msg":"[createHTTPSAgent] createHTTPSAgent.createConnection(chat.signal.org): connected to IPv4 addr after 329ms (attempts v4=1 v6=0)"}
{"level":30,"time":"2025-08-07T16:25:12.057Z","msg":"[SocketManager] WebSocketResource(provisioning) connected in 545.5ms"}
{"level":30,"time":"2025-08-07T16:25:12.097Z","msg":"[Provisioner] Provisioner.loop(4): connected, refreshing in 45000ms"}
{"level":30,"time":"2025-08-07T16:25:26.680Z","msg":"[WebsocketResources] WebSocketResources.KeepAlive(provisioning).send: Sending a keepalive message"}
{"level":30,"time":"2025-08-07T16:25:29.037Z","msg":"[WebsocketResources] WebSocketResources.KeepAlive(unauthenticated).send: Sending a keepalive message"}
{"level":30,"time":"2025-08-07T16:25:42.067Z","msg":"[WebsocketResources] WebSocketResources.KeepAlive(provisioning).send: Sending a keepalive message"}
{"level":40,"time":"2025-08-07T16:25:56.481Z","msg":"[WebsocketResources] WebSocketResource(provisioning): Socket closed"}
{"level":30,"time":"2025-08-07T16:25:56.482Z","msg":"[Provisioner] Provisioner.#handleClose(0): closed, code=1000, reason=Timeout"}
{"level":30,"time":"2025-08-07T16:25:57.911Z","msg":"[createHTTPSAgent] createHTTPSAgent.createConnection(chat.signal.org): connected to IPv4 addr after 327ms (attempts v4=1 v6=0)"}
{"level":30,"time":"2025-08-07T16:25:58.116Z","msg":"[SocketManager] WebSocketResource(provisioning) connected in 538.8ms"}
{"level":30,"time":"2025-08-07T16:25:58.158Z","msg":"[Provisioner] Provisioner.loop(5): connected, refreshing in 45000ms"}
{"level":30,"time":"2025-08-07T16:25:59.255Z","msg":"[WebsocketResources] WebSocketResources.KeepAlive(unauthenticated).send: Sending a keepalive message"}
{"level":30,"time":"2025-08-07T16:26:12.255Z","msg":"[WebsocketResources] WebSocketResources.KeepAlive(provisioning).send: Sending a keepalive message"}
{"level":30,"time":"2025-08-07T16:26:28.133Z","msg":"[WebsocketResources] WebSocketResources.KeepAlive(provisioning).send: Sending a keepalive message"}
{"level":30,"time":"2025-08-07T16:26:29.446Z","msg":"[WebsocketResources] WebSocketResources.KeepAlive(unauthenticated).send: Sending a keepalive message"}
{"level":40,"time":"2025-08-07T16:26:42.150Z","msg":"[WebsocketResources] WebSocketResource(provisioning): Socket closed"}
{"level":30,"time":"2025-08-07T16:26:42.151Z","msg":"[Provisioner] Provisioner.#handleClose(0): closed, code=1000, reason=Timeout"}
{"level":30,"time":"2025-08-07T16:26:43.577Z","msg":"[Provisioner] Provisioner.loop(6): exceeded max rotation count"}
{"level":40,"time":"2025-08-07T16:26:43.577Z","msg":"[installer] InstallScreen/getQRCode: max rotations reached"}
{"level":30,"time":"2025-08-07T16:26:43.578Z","msg":"[Provisioner] stopping, reason=Max rotations reached"}
{"level":30,"time":"2025-08-07T16:26:43.579Z","msg":"[WebsocketResources] WebSocketResource(provisioning).close(3000)"}
{"level":40,"time":"2025-08-07T16:26:43.602Z","msg":"[WebsocketResources] WebSocketResource(provisioning): Socket closed"}
{"level":30,"time":"2025-08-07T16:26:43.603Z","msg":"[Provisioner] ignoring socket closed, code=3000, reason=normal"}
{"level":30,"time":"2025-08-07T16:26:59.655Z","msg":"[WebsocketResources] WebSocketResources.KeepAlive(unauthenticated).send: Sending a keepalive message"}
{"level":40,"time":"2025-08-07T16:27:09.578Z","msg":"[background] setInterval: Failed to parse integer from desktop.retryRespondMaxAge feature flag Error: retryRespondMaxAge\n    at parseIntOrThrow ([REDACTED]/resources/app.asar/preload.bundle.js:129:12802)\n    at [REDACTED]/resources/app.asar/preload.bundle.js:334:29526"}
{"level":30,"time":"2025-08-07T16:27:09.584Z","msg":"[retryPlaceholders] getExpiredAndRemove: Found 0 expired items"}
{"level":30,"time":"2025-08-07T16:27:09.599Z","msg":"[background] retryPlaceholders/interval: Found 0 expired items"}
{"level":30,"time":"2025-08-07T16:27:29.878Z","msg":"[WebsocketResources] WebSocketResources.KeepAlive(unauthenticated).send: Sending a keepalive message"}
{"level":30,"time":"2025-08-07T16:27:58.577Z","msg":"[SocketManager] shutting down unauthenticated socket after timeout"}
{"level":30,"time":"2025-08-07T16:27:58.577Z","msg":"[WebsocketResources] WebSocketResource(unauthenticated).shutdown: no active requests, closing"}
{"level":30,"time":"2025-08-07T16:27:58.578Z","msg":"[WebsocketResources] WebSocketResource(unauthenticated).close(3000)"}
{"level":30,"time":"2025-08-07T16:27:58.579Z","msg":"[SocketManager] connecting unauthenticated socket"}
{"level":30,"time":"2025-08-07T16:27:58.580Z","msg":"[SocketManager] connecting unauthenticated socket, transport option [original]"}
{"level":40,"time":"2025-08-07T16:27:58.722Z","msg":"[WebsocketResources] WebSocketResource(unauthenticated): Socket closed"}
{"level":30,"time":"2025-08-07T16:27:58.949Z","msg":"[createHTTPSAgent] createHTTPSAgent.createConnection(chat.signal.org): connected to IPv4 addr after 345ms (attempts v4=1 v6=0)"}
{"level":30,"time":"2025-08-07T16:27:59.151Z","msg":"[SocketManager] WebSocketResource(unauthenticated) connected in 569.8ms"}
{"level":30,"time":"2025-08-07T16:27:59.152Z","msg":"[SocketManager] connected unauthenticated socket (localPort: 49454)"}
{"level":30,"time":"2025-08-07T16:28:29.178Z","msg":"[WebsocketResources] WebSocketResources.KeepAlive(unauthenticated).send: Sending a keepalive message"}
{"level":30,"time":"2025-08-07T16:28:33.655Z","msg":"[Provisioner] starting"}
{"level":30,"time":"2025-08-07T16:28:34.071Z","msg":"[createHTTPSAgent] createHTTPSAgent.createConnection(chat.signal.org): connected to IPv4 addr after 380ms (attempts v4=1 v6=0)"}
{"level":30,"time":"2025-08-07T16:28:34.275Z","msg":"[SocketManager] WebSocketResource(provisioning) connected in 595.7ms"}
{"level":30,"time":"2025-08-07T16:28:34.331Z","msg":"[Provisioner] Provisioner.loop(0): connected, refreshing in 45000ms"}
{"level":30,"time":"2025-08-07T16:28:34.691Z","msg":"[expiringMessagesDeletion] checkExpiringMessages: checking for expiring messages"}
{"level":30,"time":"2025-08-07T16:28:34.694Z","msg":"[expiringMessagesDeletion] checkExpiringMessages: found no messages to expire"}
{"level":30,"time":"2025-08-07T16:28:59.374Z","msg":"[WebsocketResources] WebSocketResources.KeepAlive(unauthenticated).send: Sending a keepalive message"}
{"level":30,"time":"2025-08-07T16:29:04.280Z","msg":"[WebsocketResources] WebSocketResources.KeepAlive(provisioning).send: Sending a keepalive message"}
{"level":30,"time":"2025-08-07T16:29:09.429Z","msg":"[notifications] NotificationService: clearing notification and requesting an update"}
{"level":40,"time":"2025-08-07T16:29:09.430Z","msg":"[background] registerForActive: Failed to to refresh remote config. Code: 401"}
{"level":30,"time":"2025-08-07T16:29:10.431Z","msg":"[notifications] NotificationService not updating notifications. Notifications are disabled; app is focused; there is no notification data"}
{"level":40,"time":"2025-08-07T19:49:50.610Z","msg":"[setupI18nMain] intl.onWarn [@formatjs/intl] \"defaultRichTextElements\" was specified but \"message\" was not pre-compiled. \nPlease consider using \"@formatjs/cli\" to pre-compile your messages for performance.\nFor more details see https://formatjs.github.io/docs/getting-started/message-distribution"}
{"level":30,"time":"2025-08-07T19:49:50.638Z","msg":"[preconnect] libsignal net url: https://chat.signal.org"}
{"level":30,"time":"2025-08-07T19:49:50.638Z","msg":"[preconnect] libsignal net environment resolved to prod"}
{"level":30,"time":"2025-08-07T19:49:50.642Z","msg":"[preconnect] WebAPI: preconnect start"}
{"level":30,"time":"2025-08-07T19:49:50.992Z","msg":"[profiles] Profile Service initialized"}
{"level":30,"time":"2025-08-07T19:49:51.214Z","msg":"[preload] complete"}
{"level":30,"time":"2025-08-07T19:49:51.215Z","msg":"[@signalapp/libsignal-client] Initializing libsignal version:0.76.7 signal_node::logging rust/bridge/node/src/logging.rs:204"}
{"level":30,"time":"2025-08-07T19:49:51.288Z","msg":"[notifications] NotificationService initialized"}
{"level":30,"time":"2025-08-07T19:49:51.299Z","msg":"[incrementMessageCounter] initializeMessageCounter: picking stored counter"}
{"level":30,"time":"2025-08-07T19:49:51.299Z","msg":"[ourProfileKey] Our profile key service: initializing"}
{"level":30,"time":"2025-08-07T19:49:51.300Z","msg":"[background] page reloaded"}
{"level":30,"time":"2025-08-07T19:49:51.300Z","msg":"[background] environment: production"}
{"level":30,"time":"2025-08-07T19:49:51.314Z","msg":"[background] Storage fetch"}
{"level":30,"time":"2025-08-07T19:49:51.321Z","msg":"[buildExpiration] Build expires (local): 2025-11-04T21:48:18.000Z"}
{"level":40,"time":"2025-08-07T19:49:51.323Z","msg":"[SocketManager] authenticate was called without credentials"}
{"level":30,"time":"2025-08-07T19:49:51.324Z","msg":"[background] Initializing MessageReceiver"}
{"level":30,"time":"2025-08-07T19:49:51.325Z","msg":"[senderCertificate] Sender certificate service initialized"}
{"level":30,"time":"2025-08-07T19:49:51.328Z","msg":"[buildExpiration] Build expires (local): 2025-11-04T21:48:18.000Z"}
{"level":30,"time":"2025-08-07T19:49:51.328Z","msg":"[buildExpiration] expires in 7696706672ms"}
{"level":30,"time":"2025-08-07T19:49:51.340Z","msg":"[background] Starting background data migration. Target version: 15"}
{"level":30,"time":"2025-08-07T19:49:51.341Z","msg":"[retryPlaceholders] constructor: Started with 0 items, lifespan of 3600000"}
{"level":30,"time":"2025-08-07T19:49:51.341Z","msg":"[ConversationController] starting initial fetch"}
{"level":30,"time":"2025-08-07T19:49:51.348Z","msg":"[ConversationController] done with initial fetch, got 1 conversations"}
{"level":30,"time":"2025-08-07T19:49:51.351Z","msg":"[SignalProtocolStore] Finished caching kyberPreKeys data"}
{"level":30,"time":"2025-08-07T19:49:51.351Z","msg":"[SignalProtocolStore] Finished caching identityKeys data"}
{"level":30,"time":"2025-08-07T19:49:51.352Z","msg":"[SignalProtocolStore] Finished caching signedPreKeys data"}
{"level":30,"time":"2025-08-07T19:49:51.352Z","msg":"[SignalProtocolStore] Finished caching senderKeys data"}
{"level":30,"time":"2025-08-07T19:49:51.353Z","msg":"[SignalProtocolStore] Finished caching preKeys data"}
{"level":30,"time":"2025-08-07T19:49:51.353Z","msg":"[SignalProtocolStore] Finished caching sessions data"}
{"level":30,"time":"2025-08-07T19:49:51.357Z","msg":"[ConversationController] checkForConflicts: starting..."}
{"level":30,"time":"2025-08-07T19:49:51.358Z","msg":"[ConversationController] checkForConflicts: complete!"}
{"level":30,"time":"2025-08-07T19:49:51.358Z","msg":"[donations] _getWorkflowFromStorage: No workflow found in window.storage"}
{"level":30,"time":"2025-08-07T19:49:51.359Z","msg":"[Storage] getItemsState: now preparing copy of items..."}
{"level":30,"time":"2025-08-07T19:49:51.370Z","msg":"[JobQueue] conversation job queue: starting to stream jobs"}
{"level":30,"time":"2025-08-07T19:49:51.370Z","msg":"[JobQueueDatabaseStore] fetching existing jobs for queue \"conversation\""}
{"level":30,"time":"2025-08-07T19:49:51.371Z","msg":"[JobQueue] groupAvatar job queue: starting to stream jobs"}
{"level":30,"time":"2025-08-07T19:49:51.371Z","msg":"[JobQueueDatabaseStore] fetching existing jobs for queue \"groupAvatar\""}
{"level":30,"time":"2025-08-07T19:49:51.371Z","msg":"[JobQueue] single proto job queue: starting to stream jobs"}
{"level":30,"time":"2025-08-07T19:49:51.371Z","msg":"[JobQueueDatabaseStore] fetching existing jobs for queue \"single proto\""}
{"level":30,"time":"2025-08-07T19:49:51.371Z","msg":"[JobQueue] read sync job queue: starting to stream jobs"}
{"level":30,"time":"2025-08-07T19:49:51.371Z","msg":"[JobQueueDatabaseStore] fetching existing jobs for queue \"read sync\""}
{"level":30,"time":"2025-08-07T19:49:51.371Z","msg":"[JobQueue] view sync job queue: starting to stream jobs"}
{"level":30,"time":"2025-08-07T19:49:51.372Z","msg":"[JobQueueDatabaseStore] fetching existing jobs for queue \"view sync\""}
{"level":30,"time":"2025-08-07T19:49:51.372Z","msg":"[JobQueue] view once open sync job queue: starting to stream jobs"}
{"level":30,"time":"2025-08-07T19:49:51.372Z","msg":"[JobQueueDatabaseStore] fetching existing jobs for queue \"view once open sync\""}
{"level":30,"time":"2025-08-07T19:49:51.372Z","msg":"[JobQueue] delete downloads job queue: starting to stream jobs"}
{"level":30,"time":"2025-08-07T19:49:51.372Z","msg":"[JobQueueDatabaseStore] fetching existing jobs for queue \"delete downloads\""}
{"level":30,"time":"2025-08-07T19:49:51.372Z","msg":"[JobQueue] remove storage key job queue: starting to stream jobs"}
{"level":30,"time":"2025-08-07T19:49:51.372Z","msg":"[JobQueueDatabaseStore] fetching existing jobs for queue \"remove storage key\""}
{"level":30,"time":"2025-08-07T19:49:51.372Z","msg":"[JobQueue] report spam job queue: starting to stream jobs"}
{"level":30,"time":"2025-08-07T19:49:51.373Z","msg":"[JobQueueDatabaseStore] fetching existing jobs for queue \"report spam\""}
{"level":30,"time":"2025-08-07T19:49:51.373Z","msg":"[JobQueue] call link refresh job queue: starting to stream jobs"}
{"level":30,"time":"2025-08-07T19:49:51.373Z","msg":"[JobQueueDatabaseStore] fetching existing jobs for queue \"call link refresh\""}
{"level":30,"time":"2025-08-07T19:49:51.373Z","msg":"[challenge] loading 0 challenges"}
{"level":30,"time":"2025-08-07T19:49:51.374Z","msg":"[networkObserver] Initializing network observer"}
{"level":30,"time":"2025-08-07T19:49:51.376Z","msg":"[badgeImageFileDownloader] BadgeDownloader#checkForFilesToDownload: downloading 0 badge(s)"}
{"level":30,"time":"2025-08-07T19:49:51.376Z","msg":"[background] Blocked uuids cleanup: starting..."}
{"level":30,"time":"2025-08-07T19:49:51.376Z","msg":"[background] Blocked uuids cleanup: complete"}
{"level":30,"time":"2025-08-07T19:49:51.376Z","msg":"[background] Expiration start timestamp cleanup: starting..."}
{"level":30,"time":"2025-08-07T19:49:51.376Z","msg":"[JobQueueDatabaseStore] finished fetching existing 0 jobs for queue \"conversation\""}
{"level":30,"time":"2025-08-07T19:49:51.377Z","msg":"[JobQueueDatabaseStore] finished fetching existing 0 jobs for queue \"groupAvatar\""}
{"level":30,"time":"2025-08-07T19:49:51.377Z","msg":"[JobQueueDatabaseStore] finished fetching existing 0 jobs for queue \"read sync\""}
{"level":30,"time":"2025-08-07T19:49:51.377Z","msg":"[JobQueueDatabaseStore] finished fetching existing 0 jobs for queue \"single proto\""}
{"level":30,"time":"2025-08-07T19:49:51.377Z","msg":"[JobQueueDatabaseStore] finished fetching existing 0 jobs for queue \"view sync\""}
{"level":30,"time":"2025-08-07T19:49:51.377Z","msg":"[JobQueueDatabaseStore] finished fetching existing 0 jobs for queue \"view once open sync\""}
{"level":30,"time":"2025-08-07T19:49:51.377Z","msg":"[JobQueueDatabaseStore] finished fetching existing 0 jobs for queue \"delete downloads\""}
{"level":30,"time":"2025-08-07T19:49:51.377Z","msg":"[JobQueueDatabaseStore] finished fetching existing 0 jobs for queue \"remove storage key\""}
{"level":30,"time":"2025-08-07T19:49:51.377Z","msg":"[JobQueueDatabaseStore] finished fetching existing 0 jobs for queue \"report spam\""}
{"level":30,"time":"2025-08-07T19:49:51.378Z","msg":"[JobQueueDatabaseStore] finished fetching existing 0 jobs for queue \"call link refresh\""}
{"level":30,"time":"2025-08-07T19:49:51.378Z","msg":"[CallLinkFinalizeDeleteManager] CallLinkDeleteJobType/enqueueAllDeletedCallLinks: Found 0 call links to delete"}
{"level":30,"time":"2025-08-07T19:49:51.378Z","msg":"[JobManager] CallLinkFinalizeDeleteManager: starting"}
{"level":30,"time":"2025-08-07T19:49:51.379Z","msg":"[background] Expiration start timestamp cleanup: Found 0 messages for cleanup"}
{"level":30,"time":"2025-08-07T19:49:51.379Z","msg":"[background] Expiration start timestamp cleanup: Cancelling update; we don't have our own UUID"}
{"level":30,"time":"2025-08-07T19:49:51.379Z","msg":"[background] Expiration start timestamp cleanup: complete"}
{"level":30,"time":"2025-08-07T19:49:51.379Z","msg":"[syncTasks] Fetching tasks"}
{"level":30,"time":"2025-08-07T19:49:51.381Z","msg":"[syncTasks] Startup/syncTasks: No sync tasks to process, stopping"}
{"level":30,"time":"2025-08-07T19:49:51.397Z","msg":"[Provisioner] starting"}
{"level":30,"time":"2025-08-07T19:49:51.424Z","msg":"[expiration] Build expires (local): 2025-11-04T21:48:18.000Z"}
{"level":30,"time":"2025-08-07T19:49:51.494Z","msg":"[@signalapp/libsignal-client] [preconnect 2] TCP failed after 421.831µs: Failed to establish TCP connection to any of the IPs libsignal_net_infra::route::connect::logging rust/net/infra/src/route/connect/logging.rs:92"}
{"level":30,"time":"2025-08-07T19:49:51.494Z","msg":"[@signalapp/libsignal-client] [preconnect] connection succeeded after 821.297ms libsignal_net::connect_state rust/net/src/connect_state.rs:567"}
{"level":30,"time":"2025-08-07T19:49:51.495Z","msg":"[preconnect] WebAPI: preconnect done"}
{"level":30,"time":"2025-08-07T19:49:52.077Z","msg":"[createHTTPSAgent] createHTTPSAgent.createConnection(chat.signal.org): connected to IPv4 addr after 636ms (attempts v4=1 v6=0)"}
{"level":30,"time":"2025-08-07T19:49:52.392Z","msg":"[SocketManager] WebSocketResource(provisioning) connected in 993.5ms"}
{"level":30,"time":"2025-08-07T19:49:52.444Z","msg":"[Provisioner] Provisioner.loop(0): connected, refreshing in 45000ms"}
{"level":30,"time":"2025-08-07T19:49:54.389Z","msg":"[expiringMessagesDeletion] checkExpiringMessages: checking for expiring messages"}
{"level":30,"time":"2025-08-07T19:49:54.395Z","msg":"[expiringMessagesDeletion] checkExpiringMessages: found no messages to expire"}
{"level":30,"time":"2025-08-07T19:50:04.861Z","msg":"[notifications] NotificationService: clearing notification and requesting an update"}
{"level":30,"time":"2025-08-07T19:50:04.871Z","msg":"[WebAPI] GET (WS) https://chat.signal.org/v1/config"}
{"level":30,"time":"2025-08-07T19:50:04.875Z","msg":"[SocketManager] connecting unauthenticated socket"}
{"level":30,"time":"2025-08-07T19:50:04.877Z","msg":"[SocketManager] connecting unauthenticated socket, transport option [original]"}
{"level":40,"time":"2025-08-07T19:50:05.588Z","msg":"[createHTTPSAgent] createHTTPSAgent.createConnection(chat.signal.org): connected to IPv4 addr after 681ms (attempts v4=1 v6=1)"}
{"level":30,"time":"2025-08-07T19:50:05.864Z","msg":"[notifications] NotificationService not updating notifications. Notifications are disabled; app is not focused; there is no notification data"}
{"level":30,"time":"2025-08-07T19:50:05.895Z","msg":"[SocketManager] WebSocketResource(unauthenticated) connected in 1016.9ms"}
{"level":30,"time":"2025-08-07T19:50:05.897Z","msg":"[SocketManager] connected unauthenticated socket (localPort: 48836)"}
{"level":30,"time":"2025-08-07T19:50:05.897Z","msg":"[SocketManager] starting expiration timer for unauthenticated socket"}
{"level":40,"time":"2025-08-07T19:50:06.204Z","msg":"[WebAPI] Got 401 from Signal Server. We might be unlinked."}
{"level":40,"time":"2025-08-07T19:50:06.206Z","msg":"[WebAPI] GET (WS) https://chat.signal.org/v1/config 401 Error"}
{"level":40,"time":"2025-08-07T19:50:06.208Z","msg":"[background] registerForActive: Failed to to refresh remote config. Code: 401"}
{"level":30,"time":"2025-08-07T19:50:12.230Z","msg":"[notifications] NotificationService: clearing notification and requesting an update"}
{"level":40,"time":"2025-08-07T19:50:12.230Z","msg":"[background] registerForActive: Failed to to refresh remote config. Code: 401"}
{"level":30,"time":"2025-08-07T19:50:13.231Z","msg":"[notifications] NotificationService not updating notifications. Notifications are disabled; app is focused; there is no notification data"}
{"level":30,"time":"2025-08-07T19:50:14.393Z","msg":"[background] shutdown"}
{"level":30,"time":"2025-08-07T19:50:14.394Z","msg":"[AttachmentBackupManager] stopping"}
{"level":40,"time":"2025-08-07T19:50:14.395Z","msg":"[WebAPI] cancelInflightRequests/shutdown: Cancelling 0 requests"}
{"level":40,"time":"2025-08-07T19:50:14.395Z","msg":"[WebAPI] cancelInflightRequests/shutdown: Done"}
{"level":30,"time":"2025-08-07T19:50:14.396Z","msg":"[background] shutdown: shutting down messageReceiver"}
{"level":30,"time":"2025-08-07T19:50:14.397Z","msg":"[MessageReceiver] stopProcessing"}
{"level":30,"time":"2025-08-07T19:50:14.397Z","msg":"[batcher] waitForAllBatchers"}
{"level":30,"time":"2025-08-07T19:50:14.398Z","msg":"[batcher] Flushing sql.Client.updateConversationBatcher batcher items.length=0"}
{"level":30,"time":"2025-08-07T19:50:14.399Z","msg":"[batcher] Flushing complete sql.Client.updateConversationBatcher for batcher"}
{"level":30,"time":"2025-08-07T19:50:14.399Z","msg":"[batcher] Flushing Whisper.deliveryReceiptBatcher batcher items.length=0"}
{"level":30,"time":"2025-08-07T19:50:14.399Z","msg":"[batcher] Flushing complete Whisper.deliveryReceiptBatcher for batcher"}
{"level":30,"time":"2025-08-07T19:50:14.400Z","msg":"[batcher] Flushing respondWithProfileKeyBatcher batcher items.length=0"}
{"level":30,"time":"2025-08-07T19:50:14.400Z","msg":"[batcher] Flushing complete respondWithProfileKeyBatcher for batcher"}
{"level":30,"time":"2025-08-07T19:50:14.400Z","msg":"[batcher] Flushing MessageReceiver.decryptAndCacheBatcher batcher items.length=0"}
{"level":30,"time":"2025-08-07T19:50:14.400Z","msg":"[batcher] Flushing complete MessageReceiver.decryptAndCacheBatcher for batcher"}
{"level":30,"time":"2025-08-07T19:50:14.401Z","msg":"[batcher] Flushing MessageReceiver.cacheRemoveBatcher batcher items.length=0"}
{"level":30,"time":"2025-08-07T19:50:14.401Z","msg":"[batcher] Flushing complete MessageReceiver.cacheRemoveBatcher for batcher"}
{"level":30,"time":"2025-08-07T19:50:14.401Z","msg":"[batcher] Flushing changedConvoBatcher batcher items.length=0"}
{"level":30,"time":"2025-08-07T19:50:14.401Z","msg":"[batcher] Flushing complete changedConvoBatcher for batcher"}
{"level":30,"time":"2025-08-07T19:50:14.402Z","msg":"[background] shutdown: flushing conversations"}
{"level":30,"time":"2025-08-07T19:50:14.403Z","msg":"[sleeper] shutting down, settling 0 in-progress sleep calls"}
{"level":30,"time":"2025-08-07T19:50:14.403Z","msg":"[sleeper] sleep tasks settled"}
{"level":30,"time":"2025-08-07T19:50:14.403Z","msg":"[background] shutdown: shutting down queues"}
{"level":30,"time":"2025-08-07T19:50:14.404Z","msg":"[StartupQueue] Waiting for 0 tasks to drain"}
{"level":30,"time":"2025-08-07T19:50:14.404Z","msg":"[JobQueue] call link refresh job queue: shutdown: stop accepting new work and drain 1 promise queues"}
{"level":30,"time":"2025-08-07T19:50:14.404Z","msg":"[JobQueue] conversation job queue: shutdown: stop accepting new work and drain 0 promise queues"}
{"level":30,"time":"2025-08-07T19:50:14.405Z","msg":"[JobQueue] groupAvatar job queue: shutdown: stop accepting new work and drain 1 promise queues"}
{"level":30,"time":"2025-08-07T19:50:14.405Z","msg":"[JobQueue] single proto job queue: shutdown: stop accepting new work and drain 1 promise queues"}
{"level":30,"time":"2025-08-07T19:50:14.405Z","msg":"[JobQueue] read sync job queue: shutdown: stop accepting new work and drain 1 promise queues"}
{"level":30,"time":"2025-08-07T19:50:14.405Z","msg":"[JobQueue] view sync job queue: shutdown: stop accepting new work and drain 1 promise queues"}
{"level":30,"time":"2025-08-07T19:50:14.405Z","msg":"[JobQueue] view once open sync job queue: shutdown: stop accepting new work and drain 1 promise queues"}
{"level":30,"time":"2025-08-07T19:50:14.405Z","msg":"[JobQueue] remove storage key job queue: shutdown: stop accepting new work and drain 1 promise queues"}
{"level":30,"time":"2025-08-07T19:50:14.406Z","msg":"[JobQueue] report spam job queue: shutdown: stop accepting new work and drain 1 promise queues"}
{"level":30,"time":"2025-08-07T19:50:14.406Z","msg":"[JobManager] CallLinkFinalizeDeleteManager: stopping. There are 0 active job(s)"}
{"level":30,"time":"2025-08-07T19:50:14.406Z","msg":"[JobQueue] conversation job queue: shutdown: complete"}
{"level":30,"time":"2025-08-07T19:50:14.406Z","msg":"[JobQueue] call link refresh job queue: shutdown: complete"}
{"level":30,"time":"2025-08-07T19:50:14.406Z","msg":"[JobQueue] groupAvatar job queue: shutdown: complete"}
{"level":30,"time":"2025-08-07T19:50:14.406Z","msg":"[JobQueue] single proto job queue: shutdown: complete"}
{"level":30,"time":"2025-08-07T19:50:14.406Z","msg":"[JobQueue] read sync job queue: shutdown: complete"}
{"level":30,"time":"2025-08-07T19:50:14.406Z","msg":"[JobQueue] view sync job queue: shutdown: complete"}
{"level":30,"time":"2025-08-07T19:50:14.407Z","msg":"[JobQueue] view once open sync job queue: shutdown: complete"}
{"level":30,"time":"2025-08-07T19:50:14.407Z","msg":"[JobQueue] remove storage key job queue: shutdown: complete"}
{"level":30,"time":"2025-08-07T19:50:14.407Z","msg":"[JobQueue] report spam job queue: shutdown: complete"}
{"level":30,"time":"2025-08-07T19:50:14.407Z","msg":"[background] shutdown: shutting down conversation queues"}
{"level":30,"time":"2025-08-07T19:50:14.407Z","msg":"[conversations] conversation [REDACTED]111 ([REDACTED]07c) jobQueue shutdown start"}
{"level":30,"time":"2025-08-07T19:50:14.407Z","msg":"[conversations] conversation [REDACTED]111 ([REDACTED]07c) no jobQueue to shutdown"}
{"level":30,"time":"2025-08-07T19:50:14.407Z","msg":"[background] shutdown: all queues shutdown"}
{"level":30,"time":"2025-08-07T19:50:14.407Z","msg":"[background] shutdown: waiting for all batchers"}
{"level":30,"time":"2025-08-07T19:50:14.408Z","msg":"[batcher] waitForAllBatchers"}
{"level":30,"time":"2025-08-07T19:50:14.408Z","msg":"[batcher] Flushing sql.Client.updateConversationBatcher batcher items.length=0"}
{"level":30,"time":"2025-08-07T19:50:14.408Z","msg":"[batcher] Flushing complete sql.Client.updateConversationBatcher for batcher"}
{"level":30,"time":"2025-08-07T19:50:14.408Z","msg":"[batcher] Flushing Whisper.deliveryReceiptBatcher batcher items.length=0"}
{"level":30,"time":"2025-08-07T19:50:14.408Z","msg":"[batcher] Flushing complete Whisper.deliveryReceiptBatcher for batcher"}
{"level":30,"time":"2025-08-07T19:50:14.408Z","msg":"[batcher] Flushing respondWithProfileKeyBatcher batcher items.length=0"}
{"level":30,"time":"2025-08-07T19:50:14.408Z","msg":"[batcher] Flushing complete respondWithProfileKeyBatcher for batcher"}
{"level":30,"time":"2025-08-07T19:50:14.408Z","msg":"[batcher] Flushing MessageReceiver.decryptAndCacheBatcher batcher items.length=0"}
{"level":30,"time":"2025-08-07T19:50:14.408Z","msg":"[batcher] Flushing complete MessageReceiver.decryptAndCacheBatcher for batcher"}
{"level":30,"time":"2025-08-07T19:50:14.408Z","msg":"[batcher] Flushing MessageReceiver.cacheRemoveBatcher batcher items.length=0"}
{"level":30,"time":"2025-08-07T19:50:14.408Z","msg":"[batcher] Flushing complete MessageReceiver.cacheRemoveBatcher for batcher"}
{"level":30,"time":"2025-08-07T19:50:14.408Z","msg":"[batcher] Flushing changedConvoBatcher batcher items.length=0"}
{"level":30,"time":"2025-08-07T19:50:14.408Z","msg":"[batcher] Flushing complete changedConvoBatcher for batcher"}
{"level":30,"time":"2025-08-07T19:50:14.409Z","msg":"[waitBatcher] waitForAllWaitBatchers"}
{"level":30,"time":"2025-08-07T19:50:14.409Z","msg":"[background] shutdown: waiting for all attachment backups & downloads to finish"}
{"level":30,"time":"2025-08-07T19:50:14.409Z","msg":"[background] shutdown: closing the database"}
{"level":30,"time":"2025-08-07T19:50:14.409Z","msg":"[Client] shutdown"}
{"level":30,"time":"2025-08-07T19:50:14.409Z","msg":"[channels] data.shutdown: shutdown requested. 0 jobs outstanding"}
{"level":30,"time":"2025-08-07T19:50:14.437Z","msg":"[notifications] NotificationService: clearing notification and updating"}
{"level":30,"time":"2025-08-07T19:50:14.437Z","msg":"[notifications] NotificationService not updating notifications. Notifications are disabled; app is not focused; there is no notification data"}
{"level":40,"time":"2025-08-07T19:50:21.961Z","msg":"[setupI18nMain] intl.onWarn [@formatjs/intl] \"defaultRichTextElements\" was specified but \"message\" was not pre-compiled. \nPlease consider using \"@formatjs/cli\" to pre-compile your messages for performance.\nFor more details see https://formatjs.github.io/docs/getting-started/message-distribution"}
{"level":30,"time":"2025-08-07T19:50:21.988Z","msg":"[preconnect] libsignal net url: https://chat.signal.org"}
{"level":30,"time":"2025-08-07T19:50:21.988Z","msg":"[preconnect] libsignal net environment resolved to prod"}
{"level":30,"time":"2025-08-07T19:50:21.989Z","msg":"[preconnect] WebAPI: preconnect start"}
{"level":30,"time":"2025-08-07T19:50:22.313Z","msg":"[profiles] Profile Service initialized"}
{"level":30,"time":"2025-08-07T19:50:22.515Z","msg":"[preload] complete"}
{"level":30,"time":"2025-08-07T19:50:22.516Z","msg":"[@signalapp/libsignal-client] Initializing libsignal version:0.76.7 signal_node::logging rust/bridge/node/src/logging.rs:204"}
{"level":30,"time":"2025-08-07T19:50:22.572Z","msg":"[notifications] NotificationService initialized"}
{"level":30,"time":"2025-08-07T19:50:22.591Z","msg":"[incrementMessageCounter] initializeMessageCounter: picking stored counter"}
{"level":30,"time":"2025-08-07T19:50:22.592Z","msg":"[ourProfileKey] Our profile key service: initializing"}
{"level":30,"time":"2025-08-07T19:50:22.593Z","msg":"[background] page reloaded"}
{"level":30,"time":"2025-08-07T19:50:22.593Z","msg":"[background] environment: production"}
{"level":30,"time":"2025-08-07T19:50:22.596Z","msg":"[background] Storage fetch"}
{"level":30,"time":"2025-08-07T19:50:22.599Z","msg":"[buildExpiration] Build expires (local): 2025-11-04T21:48:18.000Z"}
{"level":40,"time":"2025-08-07T19:50:22.601Z","msg":"[SocketManager] authenticate was called without credentials"}
{"level":30,"time":"2025-08-07T19:50:22.602Z","msg":"[background] Initializing MessageReceiver"}
{"level":30,"time":"2025-08-07T19:50:22.602Z","msg":"[senderCertificate] Sender certificate service initialized"}
{"level":30,"time":"2025-08-07T19:50:22.604Z","msg":"[buildExpiration] Build expires (local): 2025-11-04T21:48:18.000Z"}
{"level":30,"time":"2025-08-07T19:50:22.604Z","msg":"[buildExpiration] expires in 7696675396ms"}
{"level":30,"time":"2025-08-07T19:50:22.621Z","msg":"[background] Starting background data migration. Target version: 15"}
{"level":30,"time":"2025-08-07T19:50:22.622Z","msg":"[retryPlaceholders] constructor: Started with 0 items, lifespan of 3600000"}
{"level":30,"time":"2025-08-07T19:50:22.622Z","msg":"[ConversationController] starting initial fetch"}
{"level":30,"time":"2025-08-07T19:50:22.628Z","msg":"[ConversationController] done with initial fetch, got 1 conversations"}
{"level":30,"time":"2025-08-07T19:50:22.631Z","msg":"[SignalProtocolStore] Finished caching kyberPreKeys data"}
{"level":30,"time":"2025-08-07T19:50:22.631Z","msg":"[SignalProtocolStore] Finished caching identityKeys data"}
{"level":30,"time":"2025-08-07T19:50:22.631Z","msg":"[SignalProtocolStore] Finished caching sessions data"}
{"level":30,"time":"2025-08-07T19:50:22.633Z","msg":"[SignalProtocolStore] Finished caching signedPreKeys data"}
{"level":30,"time":"2025-08-07T19:50:22.633Z","msg":"[SignalProtocolStore] Finished caching senderKeys data"}
{"level":30,"time":"2025-08-07T19:50:22.633Z","msg":"[SignalProtocolStore] Finished caching preKeys data"}
{"level":30,"time":"2025-08-07T19:50:22.636Z","msg":"[ConversationController] checkForConflicts: starting..."}
{"level":30,"time":"2025-08-07T19:50:22.636Z","msg":"[ConversationController] checkForConflicts: complete!"}
{"level":30,"time":"2025-08-07T19:50:22.637Z","msg":"[donations] _getWorkflowFromStorage: No workflow found in window.storage"}
{"level":30,"time":"2025-08-07T19:50:22.637Z","msg":"[Storage] getItemsState: now preparing copy of items..."}
{"level":30,"time":"2025-08-07T19:50:22.643Z","msg":"[JobQueue] conversation job queue: starting to stream jobs"}
{"level":30,"time":"2025-08-07T19:50:22.643Z","msg":"[JobQueueDatabaseStore] fetching existing jobs for queue \"conversation\""}
{"level":30,"time":"2025-08-07T19:50:22.644Z","msg":"[JobQueue] groupAvatar job queue: starting to stream jobs"}
{"level":30,"time":"2025-08-07T19:50:22.644Z","msg":"[JobQueueDatabaseStore] fetching existing jobs for queue \"groupAvatar\""}
{"level":30,"time":"2025-08-07T19:50:22.644Z","msg":"[JobQueue] single proto job queue: starting to stream jobs"}
{"level":30,"time":"2025-08-07T19:50:22.644Z","msg":"[JobQueueDatabaseStore] fetching existing jobs for queue \"single proto\""}
{"level":30,"time":"2025-08-07T19:50:22.644Z","msg":"[JobQueue] read sync job queue: starting to stream jobs"}
{"level":30,"time":"2025-08-07T19:50:22.644Z","msg":"[JobQueueDatabaseStore] fetching existing jobs for queue \"read sync\""}
{"level":30,"time":"2025-08-07T19:50:22.644Z","msg":"[JobQueue] view sync job queue: starting to stream jobs"}
{"level":30,"time":"2025-08-07T19:50:22.644Z","msg":"[JobQueueDatabaseStore] fetching existing jobs for queue \"view sync\""}
{"level":30,"time":"2025-08-07T19:50:22.644Z","msg":"[JobQueue] view once open sync job queue: starting to stream jobs"}
{"level":30,"time":"2025-08-07T19:50:22.645Z","msg":"[JobQueueDatabaseStore] fetching existing jobs for queue \"view once open sync\""}
{"level":30,"time":"2025-08-07T19:50:22.645Z","msg":"[JobQueue] delete downloads job queue: starting to stream jobs"}
{"level":30,"time":"2025-08-07T19:50:22.645Z","msg":"[JobQueueDatabaseStore] fetching existing jobs for queue \"delete downloads\""}
{"level":30,"time":"2025-08-07T19:50:22.645Z","msg":"[JobQueue] remove storage key job queue: starting to stream jobs"}
{"level":30,"time":"2025-08-07T19:50:22.645Z","msg":"[JobQueueDatabaseStore] fetching existing jobs for queue \"remove storage key\""}
{"level":30,"time":"2025-08-07T19:50:22.645Z","msg":"[JobQueue] report spam job queue: starting to stream jobs"}
{"level":30,"time":"2025-08-07T19:50:22.645Z","msg":"[JobQueueDatabaseStore] fetching existing jobs for queue \"report spam\""}
{"level":30,"time":"2025-08-07T19:50:22.645Z","msg":"[JobQueue] call link refresh job queue: starting to stream jobs"}
{"level":30,"time":"2025-08-07T19:50:22.645Z","msg":"[JobQueueDatabaseStore] fetching existing jobs for queue \"call link refresh\""}
{"level":30,"time":"2025-08-07T19:50:22.646Z","msg":"[challenge] loading 0 challenges"}
{"level":30,"time":"2025-08-07T19:50:22.646Z","msg":"[networkObserver] Initializing network observer"}
{"level":30,"time":"2025-08-07T19:50:22.648Z","msg":"[badgeImageFileDownloader] BadgeDownloader#checkForFilesToDownload: downloading 0 badge(s)"}
{"level":30,"time":"2025-08-07T19:50:22.648Z","msg":"[background] Blocked uuids cleanup: starting..."}
{"level":30,"time":"2025-08-07T19:50:22.648Z","msg":"[background] Blocked uuids cleanup: complete"}
{"level":30,"time":"2025-08-07T19:50:22.648Z","msg":"[background] Expiration start timestamp cleanup: starting..."}
{"level":30,"time":"2025-08-07T19:50:22.648Z","msg":"[JobQueueDatabaseStore] finished fetching existing 0 jobs for queue \"groupAvatar\""}
{"level":30,"time":"2025-08-07T19:50:22.648Z","msg":"[JobQueueDatabaseStore] finished fetching existing 0 jobs for queue \"conversation\""}
{"level":30,"time":"2025-08-07T19:50:22.649Z","msg":"[JobQueueDatabaseStore] finished fetching existing 0 jobs for queue \"read sync\""}
{"level":30,"time":"2025-08-07T19:50:22.649Z","msg":"[JobQueueDatabaseStore] finished fetching existing 0 jobs for queue \"single proto\""}
{"level":30,"time":"2025-08-07T19:50:22.649Z","msg":"[JobQueueDatabaseStore] finished fetching existing 0 jobs for queue \"view sync\""}
{"level":30,"time":"2025-08-07T19:50:22.649Z","msg":"[JobQueueDatabaseStore] finished fetching existing 0 jobs for queue \"view once open sync\""}
{"level":30,"time":"2025-08-07T19:50:22.649Z","msg":"[JobQueueDatabaseStore] finished fetching existing 0 jobs for queue \"delete downloads\""}
{"level":30,"time":"2025-08-07T19:50:22.649Z","msg":"[JobQueueDatabaseStore] finished fetching existing 0 jobs for queue \"remove storage key\""}
{"level":30,"time":"2025-08-07T19:50:22.649Z","msg":"[JobQueueDatabaseStore] finished fetching existing 0 jobs for queue \"call link refresh\""}
{"level":30,"time":"2025-08-07T19:50:22.649Z","msg":"[JobQueueDatabaseStore] finished fetching existing 0 jobs for queue \"report spam\""}
{"level":30,"time":"2025-08-07T19:50:22.650Z","msg":"[CallLinkFinalizeDeleteManager] CallLinkDeleteJobType/enqueueAllDeletedCallLinks: Found 0 call links to delete"}
{"level":30,"time":"2025-08-07T19:50:22.650Z","msg":"[JobManager] CallLinkFinalizeDeleteManager: starting"}
{"level":30,"time":"2025-08-07T19:50:22.650Z","msg":"[background] Expiration start timestamp cleanup: Found 0 messages for cleanup"}
{"level":30,"time":"2025-08-07T19:50:22.650Z","msg":"[background] Expiration start timestamp cleanup: Cancelling update; we don't have our own UUID"}
{"level":30,"time":"2025-08-07T19:50:22.651Z","msg":"[background] Expiration start timestamp cleanup: complete"}
{"level":30,"time":"2025-08-07T19:50:22.651Z","msg":"[syncTasks] Fetching tasks"}
{"level":30,"time":"2025-08-07T19:50:22.652Z","msg":"[syncTasks] Startup/syncTasks: No sync tasks to process, stopping"}
{"level":30,"time":"2025-08-07T19:50:22.666Z","msg":"[Provisioner] starting"}
{"level":30,"time":"2025-08-07T19:50:22.687Z","msg":"[expiration] Build expires (local): 2025-11-04T21:48:18.000Z"}
{"level":30,"time":"2025-08-07T19:50:22.746Z","msg":"[@signalapp/libsignal-client] [preconnect] connection succeeded after 730.547ms libsignal_net::connect_state rust/net/src/connect_state.rs:567"}
{"level":30,"time":"2025-08-07T19:50:22.746Z","msg":"[preconnect] WebAPI: preconnect done"}
{"level":30,"time":"2025-08-07T19:50:22.999Z","msg":"[createHTTPSAgent] createHTTPSAgent.createConnection(chat.signal.org): connected to IPv4 addr after 297ms (attempts v4=1 v6=0)"}
{"level":30,"time":"2025-08-07T19:50:23.161Z","msg":"[SocketManager] WebSocketResource(provisioning) connected in 494.0ms"}
{"level":30,"time":"2025-08-07T19:50:23.205Z","msg":"[Provisioner] Provisioner.loop(0): connected, refreshing in 45000ms"}
{"level":30,"time":"2025-08-07T19:50:24.388Z","msg":"[expiringMessagesDeletion] checkExpiringMessages: checking for expiring messages"}
{"level":30,"time":"2025-08-07T19:50:24.392Z","msg":"[expiringMessagesDeletion] checkExpiringMessages: found no messages to expire"}
{"level":30,"time":"2025-08-07T19:50:27.944Z","msg":"[notifications] NotificationService: clearing notification and requesting an update"}
{"level":30,"time":"2025-08-07T19:50:27.951Z","msg":"[WebAPI] GET (WS) https://chat.signal.org/v1/config"}
{"level":30,"time":"2025-08-07T19:50:27.954Z","msg":"[SocketManager] connecting unauthenticated socket"}
{"level":30,"time":"2025-08-07T19:50:27.955Z","msg":"[SocketManager] connecting unauthenticated socket, transport option [original]"}
{"level":30,"time":"2025-08-07T19:50:28.427Z","msg":"[createHTTPSAgent] createHTTPSAgent.createConnection(chat.signal.org): connected to IPv4 addr after 462ms (attempts v4=1 v6=0)"}
{"level":30,"time":"2025-08-07T19:50:28.730Z","msg":"[SocketManager] WebSocketResource(unauthenticated) connected in 773.4ms"}
{"level":30,"time":"2025-08-07T19:50:28.731Z","msg":"[SocketManager] connected unauthenticated socket (localPort: 55984)"}
{"level":30,"time":"2025-08-07T19:50:28.732Z","msg":"[SocketManager] starting expiration timer for unauthenticated socket"}
{"level":30,"time":"2025-08-07T19:50:28.947Z","msg":"[notifications] NotificationService not updating notifications. Notifications are disabled; app is focused; there is no notification data"}
{"level":40,"time":"2025-08-07T19:50:29.041Z","msg":"[WebAPI] Got 401 from Signal Server. We might be unlinked."}
{"level":40,"time":"2025-08-07T19:50:29.043Z","msg":"[WebAPI] GET (WS) https://chat.signal.org/v1/config 401 Error"}
{"level":40,"time":"2025-08-07T19:50:29.045Z","msg":"[background] registerForActive: Failed to to refresh remote config. Code: 401"}
{"level":30,"time":"2025-08-07T19:50:38.310Z","msg":"[background] shutdown"}
{"level":30,"time":"2025-08-07T19:50:38.310Z","msg":"[AttachmentBackupManager] stopping"}
{"level":40,"time":"2025-08-07T19:50:38.311Z","msg":"[WebAPI] cancelInflightRequests/shutdown: Cancelling 0 requests"}
{"level":40,"time":"2025-08-07T19:50:38.311Z","msg":"[WebAPI] cancelInflightRequests/shutdown: Done"}
{"level":30,"time":"2025-08-07T19:50:38.311Z","msg":"[background] shutdown: shutting down messageReceiver"}
{"level":30,"time":"2025-08-07T19:50:38.311Z","msg":"[MessageReceiver] stopProcessing"}
{"level":30,"time":"2025-08-07T19:50:38.311Z","msg":"[batcher] waitForAllBatchers"}
{"level":30,"time":"2025-08-07T19:50:38.311Z","msg":"[batcher] Flushing sql.Client.updateConversationBatcher batcher items.length=0"}
{"level":30,"time":"2025-08-07T19:50:38.311Z","msg":"[batcher] Flushing complete sql.Client.updateConversationBatcher for batcher"}
{"level":30,"time":"2025-08-07T19:50:38.311Z","msg":"[batcher] Flushing Whisper.deliveryReceiptBatcher batcher items.length=0"}
{"level":30,"time":"2025-08-07T19:50:38.311Z","msg":"[batcher] Flushing complete Whisper.deliveryReceiptBatcher for batcher"}
{"level":30,"time":"2025-08-07T19:50:38.311Z","msg":"[batcher] Flushing respondWithProfileKeyBatcher batcher items.length=0"}
{"level":30,"time":"2025-08-07T19:50:38.311Z","msg":"[batcher] Flushing complete respondWithProfileKeyBatcher for batcher"}
{"level":30,"time":"2025-08-07T19:50:38.311Z","msg":"[batcher] Flushing MessageReceiver.decryptAndCacheBatcher batcher items.length=0"}
{"level":30,"time":"2025-08-07T19:50:38.311Z","msg":"[batcher] Flushing complete MessageReceiver.decryptAndCacheBatcher for batcher"}
{"level":30,"time":"2025-08-07T19:50:38.312Z","msg":"[batcher] Flushing MessageReceiver.cacheRemoveBatcher batcher items.length=0"}
{"level":30,"time":"2025-08-07T19:50:38.312Z","msg":"[batcher] Flushing complete MessageReceiver.cacheRemoveBatcher for batcher"}
{"level":30,"time":"2025-08-07T19:50:38.312Z","msg":"[batcher] Flushing changedConvoBatcher batcher items.length=0"}
{"level":30,"time":"2025-08-07T19:50:38.312Z","msg":"[batcher] Flushing complete changedConvoBatcher for batcher"}
{"level":30,"time":"2025-08-07T19:50:38.312Z","msg":"[background] shutdown: flushing conversations"}
{"level":30,"time":"2025-08-07T19:50:38.312Z","msg":"[sleeper] shutting down, settling 0 in-progress sleep calls"}
{"level":30,"time":"2025-08-07T19:50:38.312Z","msg":"[sleeper] sleep tasks settled"}
{"level":30,"time":"2025-08-07T19:50:38.312Z","msg":"[background] shutdown: shutting down queues"}
{"level":30,"time":"2025-08-07T19:50:38.313Z","msg":"[StartupQueue] Waiting for 0 tasks to drain"}
{"level":30,"time":"2025-08-07T19:50:38.313Z","msg":"[JobQueue] call link refresh job queue: shutdown: stop accepting new work and drain 1 promise queues"}
{"level":30,"time":"2025-08-07T19:50:38.313Z","msg":"[JobQueue] conversation job queue: shutdown: stop accepting new work and drain 0 promise queues"}
{"level":30,"time":"2025-08-07T19:50:38.313Z","msg":"[JobQueue] groupAvatar job queue: shutdown: stop accepting new work and drain 1 promise queues"}
{"level":30,"time":"2025-08-07T19:50:38.313Z","msg":"[JobQueue] single proto job queue: shutdown: stop accepting new work and drain 1 promise queues"}
{"level":30,"time":"2025-08-07T19:50:38.313Z","msg":"[JobQueue] read sync job queue: shutdown: stop accepting new work and drain 1 promise queues"}
{"level":30,"time":"2025-08-07T19:50:38.313Z","msg":"[JobQueue] view sync job queue: shutdown: stop accepting new work and drain 1 promise queues"}
{"level":30,"time":"2025-08-07T19:50:38.313Z","msg":"[JobQueue] view once open sync job queue: shutdown: stop accepting new work and drain 1 promise queues"}
{"level":30,"time":"2025-08-07T19:50:38.313Z","msg":"[JobQueue] remove storage key job queue: shutdown: stop accepting new work and drain 1 promise queues"}
{"level":30,"time":"2025-08-07T19:50:38.314Z","msg":"[JobQueue] report spam job queue: shutdown: stop accepting new work and drain 1 promise queues"}
{"level":30,"time":"2025-08-07T19:50:38.314Z","msg":"[JobManager] CallLinkFinalizeDeleteManager: stopping. There are 0 active job(s)"}
{"level":30,"time":"2025-08-07T19:50:38.314Z","msg":"[JobQueue] conversation job queue: shutdown: complete"}
{"level":30,"time":"2025-08-07T19:50:38.314Z","msg":"[JobQueue] call link refresh job queue: shutdown: complete"}
{"level":30,"time":"2025-08-07T19:50:38.314Z","msg":"[JobQueue] groupAvatar job queue: shutdown: complete"}
{"level":30,"time":"2025-08-07T19:50:38.314Z","msg":"[JobQueue] single proto job queue: shutdown: complete"}
{"level":30,"time":"2025-08-07T19:50:38.314Z","msg":"[JobQueue] read sync job queue: shutdown: complete"}
{"level":30,"time":"2025-08-07T19:50:38.314Z","msg":"[JobQueue] view sync job queue: shutdown: complete"}
{"level":30,"time":"2025-08-07T19:50:38.314Z","msg":"[JobQueue] view once open sync job queue: shutdown: complete"}
{"level":30,"time":"2025-08-07T19:50:38.314Z","msg":"[JobQueue] remove storage key job queue: shutdown: complete"}
{"level":30,"time":"2025-08-07T19:50:38.314Z","msg":"[JobQueue] report spam job queue: shutdown: complete"}
{"level":30,"time":"2025-08-07T19:50:38.314Z","msg":"[background] shutdown: shutting down conversation queues"}
{"level":30,"time":"2025-08-07T19:50:38.315Z","msg":"[conversations] conversation [REDACTED]111 ([REDACTED]07c) jobQueue shutdown start"}
{"level":30,"time":"2025-08-07T19:50:38.315Z","msg":"[conversations] conversation [REDACTED]111 ([REDACTED]07c) no jobQueue to shutdown"}
{"level":30,"time":"2025-08-07T19:50:38.315Z","msg":"[background] shutdown: all queues shutdown"}
{"level":30,"time":"2025-08-07T19:50:38.315Z","msg":"[background] shutdown: waiting for all batchers"}
{"level":30,"time":"2025-08-07T19:50:38.315Z","msg":"[batcher] waitForAllBatchers"}
{"level":30,"time":"2025-08-07T19:50:38.315Z","msg":"[batcher] Flushing sql.Client.updateConversationBatcher batcher items.length=0"}
{"level":30,"time":"2025-08-07T19:50:38.315Z","msg":"[batcher] Flushing complete sql.Client.updateConversationBatcher for batcher"}
{"level":30,"time":"2025-08-07T19:50:38.315Z","msg":"[batcher] Flushing Whisper.deliveryReceiptBatcher batcher items.length=0"}
{"level":30,"time":"2025-08-07T19:50:38.315Z","msg":"[batcher] Flushing complete Whisper.deliveryReceiptBatcher for batcher"}
{"level":30,"time":"2025-08-07T19:50:38.315Z","msg":"[batcher] Flushing respondWithProfileKeyBatcher batcher items.length=0"}
{"level":30,"time":"2025-08-07T19:50:38.315Z","msg":"[batcher] Flushing complete respondWithProfileKeyBatcher for batcher"}
{"level":30,"time":"2025-08-07T19:50:38.315Z","msg":"[batcher] Flushing MessageReceiver.decryptAndCacheBatcher batcher items.length=0"}
{"level":30,"time":"2025-08-07T19:50:38.315Z","msg":"[batcher] Flushing complete MessageReceiver.decryptAndCacheBatcher for batcher"}
{"level":30,"time":"2025-08-07T19:50:38.315Z","msg":"[batcher] Flushing MessageReceiver.cacheRemoveBatcher batcher items.length=0"}
{"level":30,"time":"2025-08-07T19:50:38.315Z","msg":"[batcher] Flushing complete MessageReceiver.cacheRemoveBatcher for batcher"}
{"level":30,"time":"2025-08-07T19:50:38.315Z","msg":"[batcher] Flushing changedConvoBatcher batcher items.length=0"}
{"level":30,"time":"2025-08-07T19:50:38.315Z","msg":"[batcher] Flushing complete changedConvoBatcher for batcher"}
{"level":30,"time":"2025-08-07T19:50:38.316Z","msg":"[waitBatcher] waitForAllWaitBatchers"}
{"level":30,"time":"2025-08-07T19:50:38.316Z","msg":"[background] shutdown: waiting for all attachment backups & downloads to finish"}
{"level":30,"time":"2025-08-07T19:50:38.316Z","msg":"[background] shutdown: closing the database"}
{"level":30,"time":"2025-08-07T19:50:38.316Z","msg":"[Client] shutdown"}
{"level":30,"time":"2025-08-07T19:50:38.316Z","msg":"[channels] data.shutdown: shutdown requested. 0 jobs outstanding"}
{"level":30,"time":"2025-08-07T19:50:38.342Z","msg":"[notifications] NotificationService: clearing notification and updating"}
{"level":30,"time":"2025-08-07T19:50:38.342Z","msg":"[notifications] NotificationService not updating notifications. Notifications are disabled; app is not focused; there is no notification data"}
