{"level":30,"time":"2025-08-07T16:19:32.560Z","msg":"[startup_config] Set Windows Application User Model ID (AUMID) {\"AUMID\":\"org.whispersystems.signal-desktop\"}"}
{"level":30,"time":"2025-08-07T16:19:32.582Z","msg":"[user_config] userData: /home/ahmed/.config/Signal"}
{"level":30,"time":"2025-08-07T16:19:32.583Z","msg":"[base_config] config/get: Successfully read user config file"}
{"level":30,"time":"2025-08-07T16:19:32.682Z","msg":"[base_config] config/get: Successfully read ephemeral config file"}
{"level":30,"time":"2025-08-07T16:19:32.747Z","msg":"[app/main] making app single instance"}
{"level":30,"time":"2025-08-07T16:19:33.171Z","msg":"[app/main] got fast localeOverride setting null"}
{"level":30,"time":"2025-08-07T16:19:33.173Z","msg":"[app/main] app.ready: hour cycle preference: UnknownPreference"}
{"level":30,"time":"2025-08-07T16:19:33.173Z","msg":"[app/main] app.ready: preferred system locales: [\"en-US\",\"en\"]"}
{"level":30,"time":"2025-08-07T16:19:33.173Z","msg":"[app/main] locale: Supported locales: af-ZA, ar, az-AZ, bg-BG, bn-BD, bs-BA, ca, cs, da, de, el, en, es, et-EE, eu, fa-IR, fi, fr, ga-IE, gl-ES, gu-IN, he, hi-IN, hr-HR, hu, id, it, ja, ka-GE, kk-KZ, km-KH, kn-IN, ko, ky-KG, lt-LT, lv-LV, mk-MK, ml-IN, mr-IN, ms, my, nb, nl, pa-IN, pl, pt-BR, pt-PT, ro-RO, ru, sk-SK, sl-SI, sq-AL, sr, sv, sw, ta-IN, te-IN, th, tl-PH, tr, ug, uk-UA, ur, vi, yue, zh-CN, zh-HK, zh-Hant"}
{"level":30,"time":"2025-08-07T16:19:33.174Z","msg":"[app/main] locale: Preferred locales: en-US, en"}
{"level":30,"time":"2025-08-07T16:19:33.174Z","msg":"[app/main] locale: Locale Override: null"}
{"level":30,"time":"2025-08-07T16:19:33.179Z","msg":"[app/main] locale: Matched locale: en"}
{"level":40,"time":"2025-08-07T16:19:33.222Z","msg":"[setupI18nMain] intl.onWarn [@formatjs/intl] \"defaultRichTextElements\" was specified but \"message\" was not pre-compiled. \nPlease consider using \"@formatjs/cli\" to pre-compile your messages for performance.\nFor more details see https://formatjs.github.io/docs/getting-started/message-distribution"}
{"level":30,"time":"2025-08-07T16:19:33.223Z","msg":"[app/main] locale: Text info direction for en: ltr"}
{"level":30,"time":"2025-08-07T16:19:33.223Z","msg":"[app/main] getSQLKey: using legacy key"}
{"level":30,"time":"2025-08-07T16:19:33.224Z","msg":"[SystemTraySettingCache] getSystemTraySetting got value DoNotUseSystemTray"}
{"level":30,"time":"2025-08-07T16:19:33.224Z","msg":"[SystemTraySettingCache] getSystemTraySetting returning DoNotUseSystemTray"}
{"level":30,"time":"2025-08-07T16:19:33.224Z","msg":"[app/main] app ready"}
{"level":30,"time":"2025-08-07T16:19:33.225Z","msg":"[app/main] starting version 7.64.0"}
{"level":30,"time":"2025-08-07T16:19:33.225Z","msg":"[app/main] media access status [object Undefined] [object Undefined] [object Undefined]"}
{"level":30,"time":"2025-08-07T16:19:33.226Z","msg":"[app/main] got fast theme-setting value system"}
{"level":30,"time":"2025-08-07T16:19:33.235Z","msg":"[app/main] got fast spellcheck setting true"}
{"level":30,"time":"2025-08-07T16:19:33.236Z","msg":"[app/main] got fast theme-setting value system"}
{"level":30,"time":"2025-08-07T16:19:33.236Z","msg":"[app/main] got fast spellcheck setting true"}
{"level":30,"time":"2025-08-07T16:19:33.236Z","msg":"[app/main] visibleOnAnyScreen(window): x=0, y=22, width=561, height=744"}
{"level":30,"time":"2025-08-07T16:19:33.236Z","msg":"[app/main] visibleOnAnyScreen(display #66): x=0, y=0, width=1024, height=768"}
{"level":30,"time":"2025-08-07T16:19:33.236Z","msg":"[app/main] Initializing BrowserWindow config: {\"show\":false,\"width\":561,\"height\":744,\"minWidth\":300,\"minHeight\":200,\"autoHideMenuBar\":false,\"titleBarStyle\":\"default\",\"backgroundColor\":\"#3a76f0\",\"webPreferences\":{\"devTools\":false,\"spellcheck\":true,\"enablePreferredSizeMode\":true,\"nodeIntegration\":false,\"nodeIntegrationInWorker\":false,\"sandbox\":false,\"contextIsolation\":true,\"preload\":\"[REDACTED]/preload.wrapper.js\",\"backgroundThrottling\":true},\"icon\":\"[REDACTED]/images/signal-logo-desktop-linux.png\",\"x\":0,\"y\":22}"}
{"level":30,"time":"2025-08-07T16:19:33.308Z","msg":"[spell_check] spellcheck: user locales: [\"en-US\",\"en\"]"}
{"level":30,"time":"2025-08-07T16:19:33.309Z","msg":"[spell_check] spellcheck: available spellchecker languages: [\"af\",\"bg\",\"ca\",\"cs\",\"cy\",\"da\",\"de\",\"de-DE\",\"el\",\"en\",\"en-AU\",\"en-CA\",\"en-GB\",\"en-GB-oxendict\",\"en-US\",\"es\",\"es-419\",\"es-AR\",\"es-ES\",\"es-MX\",\"es-US\",\"et\",\"fa\",\"fo\",\"fr\",\"fr-FR\",\"he\",\"hi\",\"hr\",\"hu\",\"hy\",\"id\",\"it\",\"it-IT\",\"ko\",\"lt\",\"lv\",\"nb\",\"nl\",\"pl\",\"pt\",\"pt-BR\",\"pt-PT\",\"ro\",\"ru\",\"sh\",\"sk\",\"sl\",\"sq\",\"sr\",\"sv\",\"ta\",\"tg\",\"tr\",\"uk\",\"vi\"]"}
{"level":30,"time":"2025-08-07T16:19:33.309Z","msg":"[spell_check] spellcheck: setting languages to: [\"en-US\",\"en\"]"}
{"level":30,"time":"2025-08-07T16:19:33.446Z","msg":"[app/main] spellcheck: dictionary download success: en"}
{"level":30,"time":"2025-08-07T16:19:33.447Z","msg":"[app/main] spellcheck: dictionary initialized: en"}
{"level":30,"time":"2025-08-07T16:19:33.515Z","msg":"[app/main] spellcheck: dictionary download success: en-US"}
{"level":30,"time":"2025-08-07T16:19:33.516Z","msg":"[app/main] spellcheck: dictionary initialized: en-US"}
{"level":30,"time":"2025-08-07T16:19:33.698Z","msg":"[app/main] MainSQL: updateSchema:\n  Current user_version: 1400;\n  Most recent db schema: 1420;\n  SQLite version: 3.49.1;\n  SQLCipher version: 4.7.0 community;\n  (deprecated) schema_version: 551;\n"}
{"level":30,"time":"2025-08-07T16:19:33.711Z","msg":"[app/main] MainSQL: updateToSchemaVersion1410: success!"}
{"level":30,"time":"2025-08-07T16:19:33.716Z","msg":"[app/main] MainSQL: updateToSchemaVersion1420: success!"}
{"level":30,"time":"2025-08-07T16:19:33.720Z","msg":"[app/main] MainSQL: updateSchema: optimize took 4ms"}
{"level":30,"time":"2025-08-07T16:19:33.815Z","msg":"[app/main] Updating BrowserWindow config: {\"maximized\":false,\"autoHideMenuBar\":false,\"fullscreen\":false,\"width\":561,\"height\":744,\"x\":0,\"y\":22}"}
{"level":30,"time":"2025-08-07T16:19:33.817Z","msg":"[base_config] config/set: Saving ephemeral config to disk"}
{"level":30,"time":"2025-08-07T16:19:33.820Z","msg":"[base_config] config/set: Saved ephemeral config to disk"}
{"level":30,"time":"2025-08-07T16:19:34.243Z","msg":"[app/main] got fast theme-setting value system"}
{"level":30,"time":"2025-08-07T16:19:35.041Z","msg":"[SystemTrayService] System tray service: created"}
{"level":30,"time":"2025-08-07T16:19:35.041Z","msg":"[SystemTrayService] System tray service: updating main window. Previously, there was not a window, and now there is"}
{"level":30,"time":"2025-08-07T16:19:35.041Z","msg":"[SystemTrayService] System tray service: rendering no tray"}
{"level":30,"time":"2025-08-07T16:19:35.042Z","msg":"[app/main] Begin ensuring permissions"}
{"level":30,"time":"2025-08-07T16:19:35.043Z","msg":"[app/main] main window is ready-to-show"}
{"level":30,"time":"2025-08-07T16:19:35.044Z","msg":"[app/main] showing main window"}
{"level":30,"time":"2025-08-07T16:19:35.045Z","msg":"[SystemTrayService] System tray service: rendering no tray"}
{"level":30,"time":"2025-08-07T16:19:35.051Z","msg":"[app/main] Ensuring file permissions for 4 files"}
{"level":30,"time":"2025-08-07T16:19:35.054Z","msg":"[app/main] Finish ensuring permissions in 12ms"}
{"level":30,"time":"2025-08-07T16:19:35.100Z","msg":"[attachments] deleteAllBadges: deleted 0 files"}
{"level":30,"time":"2025-08-07T16:19:35.102Z","msg":"[app/main] MainSQL: removeKnownStickers: About to iterate through 0 stickers"}
{"level":30,"time":"2025-08-07T16:19:35.103Z","msg":"[app/main] MainSQL: removeKnownStickers: Done processing 0 stickers"}
{"level":30,"time":"2025-08-07T16:19:35.103Z","msg":"[attachments] deleteAllStickers: deleted 0 files"}
{"level":30,"time":"2025-08-07T16:19:35.105Z","msg":"[app/main] MainSQL: removeKnownDraftAttachments: About to iterate through 1 conversations"}
{"level":30,"time":"2025-08-07T16:19:35.105Z","msg":"[app/main] MainSQL: removeKnownDraftAttachments: Done processing 1 conversations"}
{"level":30,"time":"2025-08-07T16:19:35.106Z","msg":"[attachments] deleteAllDraftAttachments: deleted 0 files"}
{"level":30,"time":"2025-08-07T16:19:35.107Z","msg":"[attachment_channel] cleanupOrphanedAttachments: found 0 attachments on disk"}
{"level":30,"time":"2025-08-07T16:19:35.108Z","msg":"[attachment_channel] cleanupOrphanedAttachments: found 0 downloads on disk"}
{"level":30,"time":"2025-08-07T16:19:35.109Z","msg":"[app/main] MainSQL: getKnownConversationAttachments: About to iterate through 1"}
{"level":30,"time":"2025-08-07T16:19:35.110Z","msg":"[app/main] MainSQL: getKnownConversationAttachments: Done processing"}
{"level":30,"time":"2025-08-07T16:19:35.110Z","msg":"[attachment_channel] cleanupOrphanedAttachments: Got 1 conversation attachments, 0 remain"}
{"level":40,"time":"2025-08-07T16:19:35.110Z","msg":"[attachment_channel] cleanupOrphanedAttachments: 1 conversation attachments were not found on disk"}
{"level":30,"time":"2025-08-07T16:19:35.110Z","msg":"[attachment_channel] cleanupOrphanedAttachments: found 0 known downloads, 0 remain"}
{"level":30,"time":"2025-08-07T16:19:35.111Z","msg":"[attachment_channel] cleanupOrphanedAttachments: took 13ms"}
{"level":30,"time":"2025-08-07T16:19:35.112Z","msg":"[app/main] MainSQL: pageMessages(4391a8a7b038532b): Starting iteration through 0 messages"}
{"level":50,"time":"2025-08-07T16:19:35.152Z","msg":"[app/main] Error starting update checks: Error: ENOENT: no such file or directory, watch '/usr/lib/signal-desktop/.signal-postinst'\n    at FSWatcher.<computed> (node:internal/fs/watchers:247:19)\n    at watch (node:fs:2550:36)\n    at initLinux ([REDACTED]/ts/updater/linux.js:93:28)\n    at Object.start ([REDACTED]/ts/updater/index.js:65:32)\n    at IpcMainImpl.readyForUpdates ([REDACTED]/app/main.js:842:19)\n    at Object.onceWrapper (node:events:633:26)\n    at IpcMainImpl.emit (node:events:518:28)\n    at Session.<anonymous> (node:electron/js2c/browser_init:2:106169)\n    at Session.emit (node:events:518:28)"}
{"level":30,"time":"2025-08-07T16:19:35.166Z","msg":"[app/main] MainSQL: finishPageMessages(4391a8a7b038532b): reached the end after processing 0 messages"}
{"level":30,"time":"2025-08-07T16:19:35.166Z","msg":"[attachment_channel] cleanupOrphanedAttachments:  0 message attachments; 0 remain"}
{"level":30,"time":"2025-08-07T16:19:35.167Z","msg":"[attachments] deleteAll: deleted 0 files"}
{"level":30,"time":"2025-08-07T16:19:35.167Z","msg":"[attachment_channel] cleanupOrphanedAttachments: found 0 downloads 0 remain"}
{"level":30,"time":"2025-08-07T16:19:35.167Z","msg":"[attachments] deleteAllDownloads: deleted 0 files"}
{"level":30,"time":"2025-08-07T16:19:35.167Z","msg":"[attachment_channel] deleteOrphanedAttachments: took 57ms"}
{"level":30,"time":"2025-08-07T16:19:35.263Z","msg":"[PreventDisplaySleepService] Prevent display sleep service: allowing display sleep"}
{"level":30,"time":"2025-08-07T16:19:35.263Z","msg":"[app/main] Background throttling enabled because no call is active"}
{"level":40,"time":"2025-08-07T16:19:35.269Z","msg":"[OptionalResourceService] loaded emoji-index-en.json from disk"}
{"level":30,"time":"2025-08-07T16:19:35.557Z","msg":"[app/main] Updating BrowserWindow config: {\"maximized\":false,\"autoHideMenuBar\":false,\"fullscreen\":false,\"width\":561,\"height\":744,\"x\":0,\"y\":22}"}
{"level":30,"time":"2025-08-07T16:19:35.558Z","msg":"[base_config] config/set: Saving ephemeral config to disk"}
{"level":30,"time":"2025-08-07T16:19:35.565Z","msg":"[base_config] config/set: Saved ephemeral config to disk"}
{"level":30,"time":"2025-08-07T16:22:06.433Z","msg":"[startup_config] Set Windows Application User Model ID (AUMID) {\"AUMID\":\"org.whispersystems.signal-desktop\"}"}
{"level":30,"time":"2025-08-07T16:22:06.452Z","msg":"[user_config] userData: /home/ahmed/.config/Signal"}
{"level":30,"time":"2025-08-07T16:22:06.452Z","msg":"[base_config] config/get: Successfully read user config file"}
{"level":30,"time":"2025-08-07T16:22:06.552Z","msg":"[base_config] config/get: Successfully read ephemeral config file"}
{"level":30,"time":"2025-08-07T16:22:06.617Z","msg":"[app/main] making app single instance"}
{"level":30,"time":"2025-08-07T16:22:07.002Z","msg":"[app/main] got fast localeOverride setting null"}
{"level":30,"time":"2025-08-07T16:22:07.003Z","msg":"[app/main] app.ready: hour cycle preference: UnknownPreference"}
{"level":30,"time":"2025-08-07T16:22:07.003Z","msg":"[app/main] app.ready: preferred system locales: [\"en-US\",\"en\"]"}
{"level":30,"time":"2025-08-07T16:22:07.003Z","msg":"[app/main] locale: Supported locales: af-ZA, ar, az-AZ, bg-BG, bn-BD, bs-BA, ca, cs, da, de, el, en, es, et-EE, eu, fa-IR, fi, fr, ga-IE, gl-ES, gu-IN, he, hi-IN, hr-HR, hu, id, it, ja, ka-GE, kk-KZ, km-KH, kn-IN, ko, ky-KG, lt-LT, lv-LV, mk-MK, ml-IN, mr-IN, ms, my, nb, nl, pa-IN, pl, pt-BR, pt-PT, ro-RO, ru, sk-SK, sl-SI, sq-AL, sr, sv, sw, ta-IN, te-IN, th, tl-PH, tr, ug, uk-UA, ur, vi, yue, zh-CN, zh-HK, zh-Hant"}
{"level":30,"time":"2025-08-07T16:22:07.004Z","msg":"[app/main] locale: Preferred locales: en-US, en"}
{"level":30,"time":"2025-08-07T16:22:07.004Z","msg":"[app/main] locale: Locale Override: null"}
{"level":30,"time":"2025-08-07T16:22:07.008Z","msg":"[app/main] locale: Matched locale: en"}
{"level":40,"time":"2025-08-07T16:22:07.052Z","msg":"[setupI18nMain] intl.onWarn [@formatjs/intl] \"defaultRichTextElements\" was specified but \"message\" was not pre-compiled. \nPlease consider using \"@formatjs/cli\" to pre-compile your messages for performance.\nFor more details see https://formatjs.github.io/docs/getting-started/message-distribution"}
{"level":30,"time":"2025-08-07T16:22:07.052Z","msg":"[app/main] locale: Text info direction for en: ltr"}
{"level":30,"time":"2025-08-07T16:22:07.053Z","msg":"[app/main] getSQLKey: using legacy key"}
{"level":30,"time":"2025-08-07T16:22:07.054Z","msg":"[SystemTraySettingCache] getSystemTraySetting got value DoNotUseSystemTray"}
{"level":30,"time":"2025-08-07T16:22:07.054Z","msg":"[SystemTraySettingCache] getSystemTraySetting returning DoNotUseSystemTray"}
{"level":30,"time":"2025-08-07T16:22:07.055Z","msg":"[app/main] app ready"}
{"level":30,"time":"2025-08-07T16:22:07.055Z","msg":"[app/main] starting version 7.64.0"}
{"level":30,"time":"2025-08-07T16:22:07.055Z","msg":"[app/main] media access status [object Undefined] [object Undefined] [object Undefined]"}
{"level":30,"time":"2025-08-07T16:22:07.059Z","msg":"[app/main] got fast theme-setting value system"}
{"level":30,"time":"2025-08-07T16:22:07.074Z","msg":"[app/main] got fast spellcheck setting true"}
{"level":30,"time":"2025-08-07T16:22:07.075Z","msg":"[app/main] got fast theme-setting value system"}
{"level":30,"time":"2025-08-07T16:22:07.075Z","msg":"[app/main] got fast spellcheck setting true"}
{"level":30,"time":"2025-08-07T16:22:07.076Z","msg":"[app/main] visibleOnAnyScreen(window): x=0, y=22, width=561, height=744"}
{"level":30,"time":"2025-08-07T16:22:07.076Z","msg":"[app/main] visibleOnAnyScreen(display #66): x=0, y=0, width=1024, height=768"}
{"level":30,"time":"2025-08-07T16:22:07.076Z","msg":"[app/main] Initializing BrowserWindow config: {\"show\":false,\"width\":561,\"height\":744,\"minWidth\":300,\"minHeight\":200,\"autoHideMenuBar\":false,\"titleBarStyle\":\"default\",\"backgroundColor\":\"#3a76f0\",\"webPreferences\":{\"devTools\":false,\"spellcheck\":true,\"enablePreferredSizeMode\":true,\"nodeIntegration\":false,\"nodeIntegrationInWorker\":false,\"sandbox\":false,\"contextIsolation\":true,\"preload\":\"[REDACTED]/preload.wrapper.js\",\"backgroundThrottling\":true},\"icon\":\"[REDACTED]/images/signal-logo-desktop-linux.png\",\"x\":0,\"y\":22}"}
{"level":30,"time":"2025-08-07T16:22:07.138Z","msg":"[spell_check] spellcheck: user locales: [\"en-US\",\"en\"]"}
{"level":30,"time":"2025-08-07T16:22:07.138Z","msg":"[spell_check] spellcheck: available spellchecker languages: [\"af\",\"bg\",\"ca\",\"cs\",\"cy\",\"da\",\"de\",\"de-DE\",\"el\",\"en\",\"en-AU\",\"en-CA\",\"en-GB\",\"en-GB-oxendict\",\"en-US\",\"es\",\"es-419\",\"es-AR\",\"es-ES\",\"es-MX\",\"es-US\",\"et\",\"fa\",\"fo\",\"fr\",\"fr-FR\",\"he\",\"hi\",\"hr\",\"hu\",\"hy\",\"id\",\"it\",\"it-IT\",\"ko\",\"lt\",\"lv\",\"nb\",\"nl\",\"pl\",\"pt\",\"pt-BR\",\"pt-PT\",\"ro\",\"ru\",\"sh\",\"sk\",\"sl\",\"sq\",\"sr\",\"sv\",\"ta\",\"tg\",\"tr\",\"uk\",\"vi\"]"}
{"level":30,"time":"2025-08-07T16:22:07.139Z","msg":"[spell_check] spellcheck: setting languages to: [\"en-US\",\"en\"]"}
{"level":30,"time":"2025-08-07T16:22:07.527Z","msg":"[app/main] MainSQL: updateSchema:\n  Current user_version: 1420;\n  Most recent db schema: 1420;\n  SQLite version: 3.49.1;\n  SQLCipher version: 4.7.0 community;\n  (deprecated) schema_version: 556;\n"}
{"level":30,"time":"2025-08-07T16:22:07.644Z","msg":"[app/main] Updating BrowserWindow config: {\"maximized\":false,\"autoHideMenuBar\":false,\"fullscreen\":false,\"width\":561,\"height\":744,\"x\":0,\"y\":22}"}
{"level":30,"time":"2025-08-07T16:22:07.645Z","msg":"[base_config] config/set: Saving ephemeral config to disk"}
{"level":30,"time":"2025-08-07T16:22:07.653Z","msg":"[base_config] config/set: Saved ephemeral config to disk"}
{"level":30,"time":"2025-08-07T16:22:07.997Z","msg":"[app/main] got fast theme-setting value system"}
{"level":30,"time":"2025-08-07T16:22:08.745Z","msg":"[SystemTrayService] System tray service: created"}
{"level":30,"time":"2025-08-07T16:22:08.745Z","msg":"[SystemTrayService] System tray service: updating main window. Previously, there was not a window, and now there is"}
{"level":30,"time":"2025-08-07T16:22:08.745Z","msg":"[SystemTrayService] System tray service: rendering no tray"}
{"level":30,"time":"2025-08-07T16:22:08.746Z","msg":"[app/main] Begin ensuring permissions"}
{"level":30,"time":"2025-08-07T16:22:08.748Z","msg":"[app/main] main window is ready-to-show"}
{"level":30,"time":"2025-08-07T16:22:08.748Z","msg":"[app/main] showing main window"}
{"level":30,"time":"2025-08-07T16:22:08.749Z","msg":"[SystemTrayService] System tray service: rendering no tray"}
{"level":30,"time":"2025-08-07T16:22:08.756Z","msg":"[app/main] Ensuring file permissions for 4 files"}
{"level":30,"time":"2025-08-07T16:22:08.760Z","msg":"[app/main] Finish ensuring permissions in 14ms"}
{"level":50,"time":"2025-08-07T16:22:08.851Z","msg":"[app/main] Error starting update checks: Error: ENOENT: no such file or directory, watch '/usr/lib/signal-desktop/.signal-postinst'\n    at FSWatcher.<computed> (node:internal/fs/watchers:247:19)\n    at watch (node:fs:2550:36)\n    at initLinux ([REDACTED]/ts/updater/linux.js:93:28)\n    at Object.start ([REDACTED]/ts/updater/index.js:65:32)\n    at IpcMainImpl.readyForUpdates ([REDACTED]/app/main.js:842:19)\n    at Object.onceWrapper (node:events:633:26)\n    at IpcMainImpl.emit (node:events:518:28)\n    at Session.<anonymous> (node:electron/js2c/browser_init:2:106169)\n    at Session.emit (node:events:518:28)"}
{"level":30,"time":"2025-08-07T16:22:08.955Z","msg":"[PreventDisplaySleepService] Prevent display sleep service: allowing display sleep"}
{"level":30,"time":"2025-08-07T16:22:08.955Z","msg":"[app/main] Background throttling enabled because no call is active"}
{"level":40,"time":"2025-08-07T16:22:08.959Z","msg":"[OptionalResourceService] loaded emoji-index-en.json from disk"}
{"level":30,"time":"2025-08-07T16:22:09.267Z","msg":"[app/main] Updating BrowserWindow config: {\"maximized\":false,\"autoHideMenuBar\":false,\"fullscreen\":false,\"width\":663,\"height\":744,\"x\":0,\"y\":22}"}
{"level":30,"time":"2025-08-07T16:22:09.267Z","msg":"[base_config] config/set: Saving ephemeral config to disk"}
{"level":30,"time":"2025-08-07T16:22:09.274Z","msg":"[base_config] config/set: Saved ephemeral config to disk"}
{"level":30,"time":"2025-08-07T16:23:02.151Z","msg":"[app/main] Updating BrowserWindow config: {\"maximized\":false,\"autoHideMenuBar\":false,\"fullscreen\":false,\"width\":357,\"height\":371,\"x\":665,\"y\":22}"}
{"level":30,"time":"2025-08-07T16:23:02.152Z","msg":"[base_config] config/set: Saving ephemeral config to disk"}
{"level":30,"time":"2025-08-07T16:23:02.167Z","msg":"[base_config] config/set: Saved ephemeral config to disk"}
{"level":30,"time":"2025-08-07T16:25:32.757Z","msg":"[app/main] Updating BrowserWindow config: {\"maximized\":false,\"autoHideMenuBar\":false,\"fullscreen\":false,\"width\":357,\"height\":371,\"x\":-718,\"y\":22}"}
{"level":30,"time":"2025-08-07T16:25:32.759Z","msg":"[base_config] config/set: Saving ephemeral config to disk"}
{"level":30,"time":"2025-08-07T16:25:32.772Z","msg":"[base_config] config/set: Saved ephemeral config to disk"}
{"level":30,"time":"2025-08-07T16:28:34.151Z","msg":"[app/main] Updating BrowserWindow config: {\"maximized\":false,\"autoHideMenuBar\":false,\"fullscreen\":false,\"width\":357,\"height\":371,\"x\":665,\"y\":22}"}
{"level":30,"time":"2025-08-07T16:28:34.152Z","msg":"[base_config] config/set: Saving ephemeral config to disk"}
{"level":30,"time":"2025-08-07T16:28:34.164Z","msg":"[base_config] config/set: Saved ephemeral config to disk"}
{"level":30,"time":"2025-08-07T16:28:38.407Z","msg":"[app/main] Updating BrowserWindow config: {\"maximized\":false,\"autoHideMenuBar\":false,\"fullscreen\":false,\"width\":357,\"height\":371,\"x\":-718,\"y\":22}"}
{"level":30,"time":"2025-08-07T16:28:38.408Z","msg":"[base_config] config/set: Saving ephemeral config to disk"}
{"level":30,"time":"2025-08-07T16:28:38.422Z","msg":"[base_config] config/set: Saved ephemeral config to disk"}
{"level":30,"time":"2025-08-07T16:29:05.848Z","msg":"[app/main] Updating BrowserWindow config: {\"maximized\":false,\"autoHideMenuBar\":false,\"fullscreen\":false,\"width\":357,\"height\":371,\"x\":665,\"y\":22}"}
{"level":30,"time":"2025-08-07T16:29:05.849Z","msg":"[base_config] config/set: Saving ephemeral config to disk"}
{"level":30,"time":"2025-08-07T16:29:05.862Z","msg":"[base_config] config/set: Saved ephemeral config to disk"}
{"level":30,"time":"2025-08-07T19:49:48.642Z","msg":"[startup_config] Set Windows Application User Model ID (AUMID) {\"AUMID\":\"org.whispersystems.signal-desktop\"}"}
{"level":30,"time":"2025-08-07T19:49:48.666Z","msg":"[user_config] userData: /home/ahmed/.config/Signal"}
{"level":30,"time":"2025-08-07T19:49:48.667Z","msg":"[base_config] config/get: Successfully read user config file"}
{"level":30,"time":"2025-08-07T19:49:48.784Z","msg":"[base_config] config/get: Successfully read ephemeral config file"}
{"level":30,"time":"2025-08-07T19:49:48.862Z","msg":"[app/main] making app single instance"}
{"level":30,"time":"2025-08-07T19:49:49.381Z","msg":"[app/main] got fast localeOverride setting null"}
{"level":30,"time":"2025-08-07T19:49:49.382Z","msg":"[app/main] app.ready: hour cycle preference: UnknownPreference"}
{"level":30,"time":"2025-08-07T19:49:49.382Z","msg":"[app/main] app.ready: preferred system locales: [\"en-US\",\"en\"]"}
{"level":30,"time":"2025-08-07T19:49:49.383Z","msg":"[app/main] locale: Supported locales: af-ZA, ar, az-AZ, bg-BG, bn-BD, bs-BA, ca, cs, da, de, el, en, es, et-EE, eu, fa-IR, fi, fr, ga-IE, gl-ES, gu-IN, he, hi-IN, hr-HR, hu, id, it, ja, ka-GE, kk-KZ, km-KH, kn-IN, ko, ky-KG, lt-LT, lv-LV, mk-MK, ml-IN, mr-IN, ms, my, nb, nl, pa-IN, pl, pt-BR, pt-PT, ro-RO, ru, sk-SK, sl-SI, sq-AL, sr, sv, sw, ta-IN, te-IN, th, tl-PH, tr, ug, uk-UA, ur, vi, yue, zh-CN, zh-HK, zh-Hant"}
{"level":30,"time":"2025-08-07T19:49:49.383Z","msg":"[app/main] locale: Preferred locales: en-US, en"}
{"level":30,"time":"2025-08-07T19:49:49.383Z","msg":"[app/main] locale: Locale Override: null"}
{"level":30,"time":"2025-08-07T19:49:49.387Z","msg":"[app/main] locale: Matched locale: en"}
{"level":40,"time":"2025-08-07T19:49:49.434Z","msg":"[setupI18nMain] intl.onWarn [@formatjs/intl] \"defaultRichTextElements\" was specified but \"message\" was not pre-compiled. \nPlease consider using \"@formatjs/cli\" to pre-compile your messages for performance.\nFor more details see https://formatjs.github.io/docs/getting-started/message-distribution"}
{"level":30,"time":"2025-08-07T19:49:49.434Z","msg":"[app/main] locale: Text info direction for en: ltr"}
{"level":30,"time":"2025-08-07T19:49:49.435Z","msg":"[app/main] getSQLKey: using legacy key"}
{"level":30,"time":"2025-08-07T19:49:49.436Z","msg":"[SystemTraySettingCache] getSystemTraySetting got value DoNotUseSystemTray"}
{"level":30,"time":"2025-08-07T19:49:49.436Z","msg":"[SystemTraySettingCache] getSystemTraySetting returning DoNotUseSystemTray"}
{"level":30,"time":"2025-08-07T19:49:49.437Z","msg":"[app/main] app ready"}
{"level":30,"time":"2025-08-07T19:49:49.438Z","msg":"[app/main] starting version 7.64.0"}
{"level":30,"time":"2025-08-07T19:49:49.438Z","msg":"[app/main] media access status [object Undefined] [object Undefined] [object Undefined]"}
{"level":30,"time":"2025-08-07T19:49:49.441Z","msg":"[app/main] got fast theme-setting value system"}
{"level":30,"time":"2025-08-07T19:49:49.455Z","msg":"[app/main] got fast spellcheck setting true"}
{"level":30,"time":"2025-08-07T19:49:49.456Z","msg":"[app/main] got fast theme-setting value system"}
{"level":30,"time":"2025-08-07T19:49:49.456Z","msg":"[app/main] got fast spellcheck setting true"}
{"level":30,"time":"2025-08-07T19:49:49.457Z","msg":"[app/main] visibleOnAnyScreen(window): x=665, y=22, width=357, height=371"}
{"level":30,"time":"2025-08-07T19:49:49.457Z","msg":"[app/main] visibleOnAnyScreen(display #66): x=0, y=0, width=1024, height=768"}
{"level":30,"time":"2025-08-07T19:49:49.457Z","msg":"[app/main] Initializing BrowserWindow config: {\"show\":false,\"width\":357,\"height\":371,\"minWidth\":300,\"minHeight\":200,\"autoHideMenuBar\":false,\"titleBarStyle\":\"default\",\"backgroundColor\":\"#3a76f0\",\"webPreferences\":{\"devTools\":false,\"spellcheck\":true,\"enablePreferredSizeMode\":true,\"nodeIntegration\":false,\"nodeIntegrationInWorker\":false,\"sandbox\":false,\"contextIsolation\":true,\"preload\":\"[REDACTED]/preload.wrapper.js\",\"backgroundThrottling\":true},\"icon\":\"[REDACTED]/images/signal-logo-desktop-linux.png\",\"x\":665,\"y\":22}"}
{"level":30,"time":"2025-08-07T19:49:49.556Z","msg":"[spell_check] spellcheck: user locales: [\"en-US\",\"en\"]"}
{"level":30,"time":"2025-08-07T19:49:49.556Z","msg":"[spell_check] spellcheck: available spellchecker languages: [\"af\",\"bg\",\"ca\",\"cs\",\"cy\",\"da\",\"de\",\"de-DE\",\"el\",\"en\",\"en-AU\",\"en-CA\",\"en-GB\",\"en-GB-oxendict\",\"en-US\",\"es\",\"es-419\",\"es-AR\",\"es-ES\",\"es-MX\",\"es-US\",\"et\",\"fa\",\"fo\",\"fr\",\"fr-FR\",\"he\",\"hi\",\"hr\",\"hu\",\"hy\",\"id\",\"it\",\"it-IT\",\"ko\",\"lt\",\"lv\",\"nb\",\"nl\",\"pl\",\"pt\",\"pt-BR\",\"pt-PT\",\"ro\",\"ru\",\"sh\",\"sk\",\"sl\",\"sq\",\"sr\",\"sv\",\"ta\",\"tg\",\"tr\",\"uk\",\"vi\"]"}
{"level":30,"time":"2025-08-07T19:49:49.556Z","msg":"[spell_check] spellcheck: setting languages to: [\"en-US\",\"en\"]"}
{"level":30,"time":"2025-08-07T19:49:49.974Z","msg":"[app/main] MainSQL: updateSchema:\n  Current user_version: 1420;\n  Most recent db schema: 1420;\n  SQLite version: 3.49.1;\n  SQLCipher version: 4.7.0 community;\n  (deprecated) schema_version: 556;\n"}
{"level":30,"time":"2025-08-07T19:49:50.068Z","msg":"[app/main] Updating BrowserWindow config: {\"maximized\":false,\"autoHideMenuBar\":false,\"fullscreen\":false,\"width\":357,\"height\":371,\"x\":665,\"y\":22}"}
{"level":30,"time":"2025-08-07T19:49:50.070Z","msg":"[base_config] config/set: Saving ephemeral config to disk"}
{"level":30,"time":"2025-08-07T19:49:50.076Z","msg":"[base_config] config/set: Saved ephemeral config to disk"}
{"level":30,"time":"2025-08-07T19:49:50.473Z","msg":"[app/main] got fast theme-setting value system"}
{"level":30,"time":"2025-08-07T19:49:51.294Z","msg":"[SystemTrayService] System tray service: created"}
{"level":30,"time":"2025-08-07T19:49:51.294Z","msg":"[SystemTrayService] System tray service: updating main window. Previously, there was not a window, and now there is"}
{"level":30,"time":"2025-08-07T19:49:51.294Z","msg":"[SystemTrayService] System tray service: rendering no tray"}
{"level":30,"time":"2025-08-07T19:49:51.294Z","msg":"[app/main] Begin ensuring permissions"}
{"level":30,"time":"2025-08-07T19:49:51.296Z","msg":"[app/main] Ensuring file permissions for 4 files"}
{"level":30,"time":"2025-08-07T19:49:51.298Z","msg":"[app/main] Finish ensuring permissions in 4ms"}
{"level":30,"time":"2025-08-07T19:49:51.299Z","msg":"[app/main] main window is ready-to-show"}
{"level":30,"time":"2025-08-07T19:49:51.299Z","msg":"[app/main] showing main window"}
{"level":30,"time":"2025-08-07T19:49:51.302Z","msg":"[SystemTrayService] System tray service: rendering no tray"}
{"level":50,"time":"2025-08-07T19:49:51.388Z","msg":"[app/main] Error starting update checks: Error: ENOENT: no such file or directory, watch '/usr/lib/signal-desktop/.signal-postinst'\n    at FSWatcher.<computed> (node:internal/fs/watchers:247:19)\n    at watch (node:fs:2550:36)\n    at initLinux ([REDACTED]/ts/updater/linux.js:93:28)\n    at Object.start ([REDACTED]/ts/updater/index.js:65:32)\n    at IpcMainImpl.readyForUpdates ([REDACTED]/app/main.js:842:19)\n    at Object.onceWrapper (node:events:633:26)\n    at IpcMainImpl.emit (node:events:518:28)\n    at Session.<anonymous> (node:electron/js2c/browser_init:2:106169)\n    at Session.emit (node:events:518:28)"}
{"level":30,"time":"2025-08-07T19:49:51.459Z","msg":"[PreventDisplaySleepService] Prevent display sleep service: allowing display sleep"}
{"level":30,"time":"2025-08-07T19:49:51.459Z","msg":"[app/main] Background throttling enabled because no call is active"}
{"level":40,"time":"2025-08-07T19:49:51.465Z","msg":"[OptionalResourceService] loaded emoji-index-en.json from disk"}
{"level":30,"time":"2025-08-07T19:49:51.807Z","msg":"[app/main] Updating BrowserWindow config: {\"maximized\":false,\"autoHideMenuBar\":false,\"fullscreen\":false,\"width\":357,\"height\":371,\"x\":-718,\"y\":22}"}
{"level":30,"time":"2025-08-07T19:49:51.808Z","msg":"[base_config] config/set: Saving ephemeral config to disk"}
{"level":30,"time":"2025-08-07T19:49:51.821Z","msg":"[base_config] config/set: Saved ephemeral config to disk"}
{"level":30,"time":"2025-08-07T19:50:05.368Z","msg":"[app/main] Updating BrowserWindow config: {\"maximized\":false,\"autoHideMenuBar\":false,\"fullscreen\":false,\"width\":1024,\"height\":746,\"x\":0,\"y\":22}"}
{"level":30,"time":"2025-08-07T19:50:05.369Z","msg":"[base_config] config/set: Saving ephemeral config to disk"}
{"level":30,"time":"2025-08-07T19:50:05.381Z","msg":"[base_config] config/set: Saved ephemeral config to disk"}
{"level":30,"time":"2025-08-07T19:50:14.376Z","msg":"[app/main] close event {\"readyForShutdown\":false,\"shouldQuit\":false}"}
{"level":30,"time":"2025-08-07T19:50:14.377Z","msg":"[app/main] maybeRequestCloseConfirmation: Checking to see if close confirmation is needed"}
{"level":30,"time":"2025-08-07T19:50:14.383Z","msg":"[app/main] maybeRequestCloseConfirmation: Response received"}
{"level":30,"time":"2025-08-07T19:50:14.387Z","msg":"[SystemTrayService] System tray service: rendering no tray"}
{"level":30,"time":"2025-08-07T19:50:14.388Z","msg":"[app/main] requestShutdown: Requesting close of mainWindow..."}
{"level":30,"time":"2025-08-07T19:50:14.410Z","msg":"[app/main] requestShutdown: Response received"}
{"level":30,"time":"2025-08-07T19:50:14.435Z","msg":"[app/main] before-quit event {\"readyForShutdown\":true,\"shouldQuit\":false,\"hasEventBeenPrevented\":false,\"windowCount\":1,\"mainWindowExists\":true,\"mainWindowIsFullScreen\":false}"}
{"level":30,"time":"2025-08-07T19:50:14.436Z","msg":"[SystemTrayService] System tray service: markShouldQuit"}
{"level":30,"time":"2025-08-07T19:50:14.436Z","msg":"[app/main] close event {\"readyForShutdown\":true,\"shouldQuit\":true}"}
{"level":30,"time":"2025-08-07T19:50:14.439Z","msg":"[app/main] main window closed event"}
{"level":30,"time":"2025-08-07T19:50:14.439Z","msg":"[SystemTrayService] System tray service: updating main window. Previously, there was a window, and now there is not"}
{"level":30,"time":"2025-08-07T19:50:14.439Z","msg":"[SystemTrayService] System tray service: rendering no tray"}
{"level":30,"time":"2025-08-07T19:50:14.439Z","msg":"[app/main] will-quit event {\"hasEventBeenPrevented\":false,\"windowCount\":0,\"mainWindowExists\":false}"}
{"level":30,"time":"2025-08-07T19:50:14.439Z","msg":"[app/main] quit event {\"hasEventBeenPrevented\":false,\"windowCount\":0,\"mainWindowExists\":false}"}
{"level":30,"time":"2025-08-07T19:50:20.202Z","msg":"[startup_config] Set Windows Application User Model ID (AUMID) {\"AUMID\":\"org.whispersystems.signal-desktop\"}"}
{"level":30,"time":"2025-08-07T19:50:20.221Z","msg":"[user_config] userData: /home/ahmed/.config/Signal"}
{"level":30,"time":"2025-08-07T19:50:20.221Z","msg":"[base_config] config/get: Successfully read user config file"}
{"level":30,"time":"2025-08-07T19:50:20.320Z","msg":"[base_config] config/get: Successfully read ephemeral config file"}
{"level":30,"time":"2025-08-07T19:50:20.385Z","msg":"[app/main] making app single instance"}
{"level":30,"time":"2025-08-07T19:50:20.809Z","msg":"[app/main] got fast localeOverride setting null"}
{"level":30,"time":"2025-08-07T19:50:20.810Z","msg":"[app/main] app.ready: hour cycle preference: UnknownPreference"}
{"level":30,"time":"2025-08-07T19:50:20.810Z","msg":"[app/main] app.ready: preferred system locales: [\"en-US\",\"en\"]"}
{"level":30,"time":"2025-08-07T19:50:20.811Z","msg":"[app/main] locale: Supported locales: af-ZA, ar, az-AZ, bg-BG, bn-BD, bs-BA, ca, cs, da, de, el, en, es, et-EE, eu, fa-IR, fi, fr, ga-IE, gl-ES, gu-IN, he, hi-IN, hr-HR, hu, id, it, ja, ka-GE, kk-KZ, km-KH, kn-IN, ko, ky-KG, lt-LT, lv-LV, mk-MK, ml-IN, mr-IN, ms, my, nb, nl, pa-IN, pl, pt-BR, pt-PT, ro-RO, ru, sk-SK, sl-SI, sq-AL, sr, sv, sw, ta-IN, te-IN, th, tl-PH, tr, ug, uk-UA, ur, vi, yue, zh-CN, zh-HK, zh-Hant"}
{"level":30,"time":"2025-08-07T19:50:20.811Z","msg":"[app/main] locale: Preferred locales: en-US, en"}
{"level":30,"time":"2025-08-07T19:50:20.811Z","msg":"[app/main] locale: Locale Override: null"}
{"level":30,"time":"2025-08-07T19:50:20.814Z","msg":"[app/main] locale: Matched locale: en"}
{"level":40,"time":"2025-08-07T19:50:20.847Z","msg":"[setupI18nMain] intl.onWarn [@formatjs/intl] \"defaultRichTextElements\" was specified but \"message\" was not pre-compiled. \nPlease consider using \"@formatjs/cli\" to pre-compile your messages for performance.\nFor more details see https://formatjs.github.io/docs/getting-started/message-distribution"}
{"level":30,"time":"2025-08-07T19:50:20.848Z","msg":"[app/main] locale: Text info direction for en: ltr"}
{"level":30,"time":"2025-08-07T19:50:20.848Z","msg":"[app/main] getSQLKey: using legacy key"}
{"level":30,"time":"2025-08-07T19:50:20.849Z","msg":"[SystemTraySettingCache] getSystemTraySetting got value DoNotUseSystemTray"}
{"level":30,"time":"2025-08-07T19:50:20.849Z","msg":"[SystemTraySettingCache] getSystemTraySetting returning DoNotUseSystemTray"}
{"level":30,"time":"2025-08-07T19:50:20.850Z","msg":"[app/main] app ready"}
{"level":30,"time":"2025-08-07T19:50:20.850Z","msg":"[app/main] starting version 7.64.0"}
{"level":30,"time":"2025-08-07T19:50:20.850Z","msg":"[app/main] media access status [object Undefined] [object Undefined] [object Undefined]"}
{"level":30,"time":"2025-08-07T19:50:20.852Z","msg":"[app/main] got fast theme-setting value system"}
{"level":30,"time":"2025-08-07T19:50:20.862Z","msg":"[app/main] got fast spellcheck setting true"}
{"level":30,"time":"2025-08-07T19:50:20.863Z","msg":"[app/main] got fast theme-setting value system"}
{"level":30,"time":"2025-08-07T19:50:20.863Z","msg":"[app/main] got fast spellcheck setting true"}
{"level":30,"time":"2025-08-07T19:50:20.864Z","msg":"[app/main] visibleOnAnyScreen(window): x=0, y=22, width=1024, height=746"}
{"level":30,"time":"2025-08-07T19:50:20.864Z","msg":"[app/main] visibleOnAnyScreen(display #66): x=0, y=0, width=1024, height=768"}
{"level":30,"time":"2025-08-07T19:50:20.864Z","msg":"[app/main] Initializing BrowserWindow config: {\"show\":false,\"width\":1024,\"height\":746,\"minWidth\":300,\"minHeight\":200,\"autoHideMenuBar\":false,\"titleBarStyle\":\"default\",\"backgroundColor\":\"#3a76f0\",\"webPreferences\":{\"devTools\":false,\"spellcheck\":true,\"enablePreferredSizeMode\":true,\"nodeIntegration\":false,\"nodeIntegrationInWorker\":false,\"sandbox\":false,\"contextIsolation\":true,\"preload\":\"[REDACTED]/preload.wrapper.js\",\"backgroundThrottling\":true},\"icon\":\"[REDACTED]/images/signal-logo-desktop-linux.png\",\"x\":0,\"y\":22}"}
{"level":30,"time":"2025-08-07T19:50:20.927Z","msg":"[spell_check] spellcheck: user locales: [\"en-US\",\"en\"]"}
{"level":30,"time":"2025-08-07T19:50:20.928Z","msg":"[spell_check] spellcheck: available spellchecker languages: [\"af\",\"bg\",\"ca\",\"cs\",\"cy\",\"da\",\"de\",\"de-DE\",\"el\",\"en\",\"en-AU\",\"en-CA\",\"en-GB\",\"en-GB-oxendict\",\"en-US\",\"es\",\"es-419\",\"es-AR\",\"es-ES\",\"es-MX\",\"es-US\",\"et\",\"fa\",\"fo\",\"fr\",\"fr-FR\",\"he\",\"hi\",\"hr\",\"hu\",\"hy\",\"id\",\"it\",\"it-IT\",\"ko\",\"lt\",\"lv\",\"nb\",\"nl\",\"pl\",\"pt\",\"pt-BR\",\"pt-PT\",\"ro\",\"ru\",\"sh\",\"sk\",\"sl\",\"sq\",\"sr\",\"sv\",\"ta\",\"tg\",\"tr\",\"uk\",\"vi\"]"}
{"level":30,"time":"2025-08-07T19:50:20.928Z","msg":"[spell_check] spellcheck: setting languages to: [\"en-US\",\"en\"]"}
{"level":30,"time":"2025-08-07T19:50:21.293Z","msg":"[app/main] MainSQL: updateSchema:\n  Current user_version: 1420;\n  Most recent db schema: 1420;\n  SQLite version: 3.49.1;\n  SQLCipher version: 4.7.0 community;\n  (deprecated) schema_version: 556;\n"}
{"level":30,"time":"2025-08-07T19:50:21.433Z","msg":"[app/main] Updating BrowserWindow config: {\"maximized\":false,\"autoHideMenuBar\":false,\"fullscreen\":false,\"width\":1024,\"height\":746,\"x\":0,\"y\":22}"}
{"level":30,"time":"2025-08-07T19:50:21.435Z","msg":"[base_config] config/set: Saving ephemeral config to disk"}
{"level":30,"time":"2025-08-07T19:50:21.443Z","msg":"[base_config] config/set: Saved ephemeral config to disk"}
{"level":30,"time":"2025-08-07T19:50:21.837Z","msg":"[app/main] got fast theme-setting value system"}
{"level":30,"time":"2025-08-07T19:50:22.580Z","msg":"[SystemTrayService] System tray service: created"}
{"level":30,"time":"2025-08-07T19:50:22.580Z","msg":"[SystemTrayService] System tray service: updating main window. Previously, there was not a window, and now there is"}
{"level":30,"time":"2025-08-07T19:50:22.580Z","msg":"[SystemTrayService] System tray service: rendering no tray"}
{"level":30,"time":"2025-08-07T19:50:22.580Z","msg":"[app/main] Begin ensuring permissions"}
{"level":30,"time":"2025-08-07T19:50:22.582Z","msg":"[app/main] main window is ready-to-show"}
{"level":30,"time":"2025-08-07T19:50:22.582Z","msg":"[app/main] showing main window"}
{"level":30,"time":"2025-08-07T19:50:22.585Z","msg":"[SystemTrayService] System tray service: rendering no tray"}
{"level":30,"time":"2025-08-07T19:50:22.592Z","msg":"[app/main] Ensuring file permissions for 4 files"}
{"level":30,"time":"2025-08-07T19:50:22.594Z","msg":"[app/main] Finish ensuring permissions in 14ms"}
{"level":50,"time":"2025-08-07T19:50:22.658Z","msg":"[app/main] Error starting update checks: Error: ENOENT: no such file or directory, watch '/usr/lib/signal-desktop/.signal-postinst'\n    at FSWatcher.<computed> (node:internal/fs/watchers:247:19)\n    at watch (node:fs:2550:36)\n    at initLinux ([REDACTED]/ts/updater/linux.js:93:28)\n    at Object.start ([REDACTED]/ts/updater/index.js:65:32)\n    at IpcMainImpl.readyForUpdates ([REDACTED]/app/main.js:842:19)\n    at Object.onceWrapper (node:events:633:26)\n    at IpcMainImpl.emit (node:events:518:28)\n    at Session.<anonymous> (node:electron/js2c/browser_init:2:106169)\n    at Session.emit (node:events:518:28)"}
{"level":30,"time":"2025-08-07T19:50:22.718Z","msg":"[PreventDisplaySleepService] Prevent display sleep service: allowing display sleep"}
{"level":30,"time":"2025-08-07T19:50:22.718Z","msg":"[app/main] Background throttling enabled because no call is active"}
{"level":40,"time":"2025-08-07T19:50:22.723Z","msg":"[OptionalResourceService] loaded emoji-index-en.json from disk"}
{"level":30,"time":"2025-08-07T19:50:23.097Z","msg":"[app/main] Updating BrowserWindow config: {\"maximized\":false,\"autoHideMenuBar\":false,\"fullscreen\":false,\"width\":1024,\"height\":746,\"x\":-2052,\"y\":22}"}
{"level":30,"time":"2025-08-07T19:50:23.098Z","msg":"[base_config] config/set: Saving ephemeral config to disk"}
{"level":30,"time":"2025-08-07T19:50:23.105Z","msg":"[base_config] config/set: Saved ephemeral config to disk"}
{"level":30,"time":"2025-08-07T19:50:28.445Z","msg":"[app/main] Updating BrowserWindow config: {\"maximized\":false,\"autoHideMenuBar\":false,\"fullscreen\":false,\"width\":1024,\"height\":746,\"x\":0,\"y\":22}"}
{"level":30,"time":"2025-08-07T19:50:28.446Z","msg":"[base_config] config/set: Saving ephemeral config to disk"}
{"level":30,"time":"2025-08-07T19:50:28.456Z","msg":"[base_config] config/set: Saved ephemeral config to disk"}
{"level":30,"time":"2025-08-07T19:50:38.300Z","msg":"[app/main] close event {\"readyForShutdown\":false,\"shouldQuit\":false}"}
{"level":30,"time":"2025-08-07T19:50:38.301Z","msg":"[app/main] maybeRequestCloseConfirmation: Checking to see if close confirmation is needed"}
{"level":30,"time":"2025-08-07T19:50:38.305Z","msg":"[app/main] maybeRequestCloseConfirmation: Response received"}
{"level":30,"time":"2025-08-07T19:50:38.308Z","msg":"[SystemTrayService] System tray service: rendering no tray"}
{"level":30,"time":"2025-08-07T19:50:38.308Z","msg":"[app/main] requestShutdown: Requesting close of mainWindow..."}
{"level":30,"time":"2025-08-07T19:50:38.317Z","msg":"[app/main] requestShutdown: Response received"}
{"level":30,"time":"2025-08-07T19:50:38.340Z","msg":"[app/main] before-quit event {\"readyForShutdown\":true,\"shouldQuit\":false,\"hasEventBeenPrevented\":false,\"windowCount\":1,\"mainWindowExists\":true,\"mainWindowIsFullScreen\":false}"}
{"level":30,"time":"2025-08-07T19:50:38.340Z","msg":"[SystemTrayService] System tray service: markShouldQuit"}
{"level":30,"time":"2025-08-07T19:50:38.340Z","msg":"[app/main] close event {\"readyForShutdown\":true,\"shouldQuit\":true}"}
{"level":30,"time":"2025-08-07T19:50:38.344Z","msg":"[app/main] main window closed event"}
{"level":30,"time":"2025-08-07T19:50:38.344Z","msg":"[SystemTrayService] System tray service: updating main window. Previously, there was a window, and now there is not"}
{"level":30,"time":"2025-08-07T19:50:38.344Z","msg":"[SystemTrayService] System tray service: rendering no tray"}
{"level":30,"time":"2025-08-07T19:50:38.344Z","msg":"[app/main] will-quit event {\"hasEventBeenPrevented\":false,\"windowCount\":0,\"mainWindowExists\":false}"}
{"level":30,"time":"2025-08-07T19:50:38.345Z","msg":"[app/main] quit event {\"hasEventBeenPrevented\":false,\"windowCount\":0,\"mainWindowExists\":false}"}
